\BOOKMARK [0][-]{chapter*.1}{\376\377\000L\000i\000s\000t\000\040\000o\000f\000\040\000F\000i\000g\000u\000r\000e\000s}{}% 1
\BOOKMARK [0][-]{chapter*.2}{\376\377\000L\000i\000s\000t\000\040\000o\000f\000\040\000T\000a\000b\000l\000e\000s}{}% 2
\BOOKMARK [0][-]{chapter*.3}{\376\377\000P\000r\000e\000f\000a\000c\000e}{}% 3
\BOOKMARK [0][-]{chapter.1}{\376\377\000I\000n\000t\000r\000o\000d\000u\000c\000t\000i\000o\000n\000\040\000t\000o\000\040\000R\000,\000\040\000R\000S\000t\000u\000d\000i\000o\000\040\000a\000n\000d\000\040\000R\000S\000t\000u\000d\000i\000o\000\040\000C\000l\000o\000u\000d}{}% 4
\BOOKMARK [1][-]{section.1.1}{\376\377\000O\000b\000j\000e\000c\000t\000i\000v\000e\000s}{chapter.1}% 5
\BOOKMARK [1][-]{section.1.2}{\376\377\000R\000S\000t\000u\000d\000i\000o\000\040\000C\000l\000o\000u\000d}{chapter.1}% 6
\BOOKMARK [2][-]{subsection.1.2.1}{\376\377\000T\000h\000e\000\040\000R\000S\000t\000u\000d\000i\000o\000\040\000C\000l\000o\000u\000d\000\040\000R\000e\000g\000i\000s\000t\000r\000a\000t\000i\000o\000n}{section.1.2}% 7
\BOOKMARK [2][-]{subsection.1.2.2}{\376\377\000R\000e\000g\000i\000s\000t\000e\000r\000\040\000a\000n\000d\000\040\000l\000o\000g\000\040\000i\000n}{section.1.2}% 8
\BOOKMARK [1][-]{section.1.3}{\376\377\000P\000o\000i\000n\000t\000\040\000a\000n\000d\000\040\000c\000l\000i\000c\000k\000\040\000R\000\040\000G\000U\000I}{chapter.1}% 9
\BOOKMARK [1][-]{section.1.4}{\376\377\000R\000S\000t\000u\000d\000i\000o\000\040\000S\000e\000r\000v\000e\000r}{chapter.1}% 10
\BOOKMARK [1][-]{section.1.5}{\376\377\000I\000n\000s\000t\000a\000l\000l\000i\000n\000g\000\040\000R\000\040\000a\000n\000d\000\040\000R\000S\000t\000u\000d\000i\000o\000\040\000o\000n\000\040\000Y\000o\000u\000r\000\040\000L\000o\000c\000a\000l\000\040\000M\000a\000c\000h\000i\000n\000e}{chapter.1}% 11
\BOOKMARK [2][-]{subsection.1.5.1}{\376\377\000I\000n\000s\000t\000a\000l\000l\000i\000n\000g\000\040\000R}{section.1.5}% 12
\BOOKMARK [2][-]{subsection.1.5.2}{\376\377\000I\000n\000s\000t\000a\000l\000l\000i\000n\000g\000\040\000R\000S\000t\000u\000d\000i\000o\000\040\000I\000D\000E}{section.1.5}% 13
\BOOKMARK [2][-]{subsection.1.5.3}{\376\377\000C\000h\000e\000c\000k\000i\000n\000g\000\040\000R\000\040\000a\000n\000d\000\040\000R\000S\000t\000u\000d\000i\000o\000\040\000I\000n\000s\000t\000a\000l\000l\000a\000t\000i\000o\000n\000s}{section.1.5}% 14
\BOOKMARK [2][-]{subsection.1.5.4}{\376\377\000I\000n\000s\000t\000a\000l\000l\000a\000t\000i\000o\000n\000\040\000o\000f\000\040\000M\000i\000K\000T\000e\000X\000,\000\040\000T\000e\000X\000L\000i\000v\000e\000\040\000a\000n\000d\000\040\000M\000a\000c\000T\000e\000x}{section.1.5}% 15
\BOOKMARK [1][-]{section.1.6}{\376\377\000S\000t\000a\000r\000t\000i\000n\000g\000\040\000y\000o\000u\000r\000\040\000R\000S\000t\000u\000d\000i\000o}{chapter.1}% 16
\BOOKMARK [2][-]{subsection.1.6.1}{\376\377\000C\000o\000n\000s\000o\000l\000e\000\040\000t\000a\000b}{section.1.6}% 17
\BOOKMARK [2][-]{subsection.1.6.2}{\376\377\000F\000i\000l\000e\000s\000,\000\040\000P\000l\000o\000t\000s\000,\000\040\000P\000a\000c\000k\000a\000g\000e\000s\000,\000\040\000H\000e\000l\000p\000\040\000a\000n\000d\000\040\000V\000i\000e\000w\000e\000r\000\040\000P\000a\000n\000e}{section.1.6}% 18
\BOOKMARK [2][-]{subsection.1.6.3}{\376\377\000E\000n\000v\000i\000r\000o\000n\000m\000e\000n\000t\000,\000\040\000H\000i\000s\000t\000o\000r\000y\000,\000\040\000C\000o\000n\000n\000e\000c\000t\000i\000o\000n\000\040\000a\000n\000d\000\040\000B\000u\000i\000l\000d\000\040\000P\000a\000n\000e}{section.1.6}% 19
\BOOKMARK [2][-]{subsection.1.6.4}{\376\377\000S\000o\000u\000r\000c\000e\000\040\000P\000a\000n\000e}{section.1.6}% 20
\BOOKMARK [0][-]{chapter.2}{\376\377\000R\000\040\000S\000c\000r\000i\000p\000t\000s\000\040\000a\000n\000d\000\040\000R\000\040\000P\000a\000c\000k\000a\000g\000e\000s}{}% 21
\BOOKMARK [1][-]{section.2.1}{\376\377\000I\000n\000t\000r\000o\000d\000u\000c\000t\000i\000o\000n}{chapter.2}% 22
\BOOKMARK [1][-]{section.2.2}{\376\377\000O\000b\000j\000e\000c\000t\000i\000v\000e\000s}{chapter.2}% 23
\BOOKMARK [1][-]{section.2.3}{\376\377\000O\000p\000e\000n\000\040\000a\000\040\000n\000e\000w\000\040\000R\000\040\000s\000c\000r\000i\000p\000t}{chapter.2}% 24
\BOOKMARK [2][-]{subsection.2.3.1}{\376\377\000O\000u\000r\000\040\000f\000i\000r\000s\000t\000\040\000R\000\040\000s\000c\000r\000i\000p\000t}{section.2.3}% 25
\BOOKMARK [2][-]{subsection.2.3.2}{\376\377\000F\000u\000n\000c\000t\000i\000o\000n\000,\000\040\000A\000r\000g\000u\000m\000e\000n\000t\000\040\000a\000n\000d\000\040\000P\000a\000r\000a\000m\000e\000t\000e\000r\000s}{section.2.3}% 26
\BOOKMARK [2][-]{subsection.2.3.3}{\376\377\000N\000e\000e\000d\000\040\000m\000o\000r\000e\000\040\000h\000e\000l\000p\000?}{section.2.3}% 27
\BOOKMARK [1][-]{section.2.4}{\376\377\000P\000a\000c\000k\000a\000g\000e\000s}{chapter.2}% 28
\BOOKMARK [2][-]{subsection.2.4.1}{\376\377\000P\000a\000c\000k\000a\000g\000e\000s\000\040\000o\000n\000\040\000C\000R\000A\000N}{section.2.4}% 29
\BOOKMARK [2][-]{subsection.2.4.2}{\376\377\000C\000h\000e\000c\000k\000\040\000i\000f\000\040\000t\000h\000e\000\040\000p\000a\000c\000k\000a\000g\000e\000\040\000y\000o\000u\000\040\000n\000e\000e\000d\000\040\000i\000s\000\040\000a\000v\000a\000i\000l\000a\000b\000l\000e\000\040\000i\000n\000\040\000y\000o\000u\000r\000\040\000R\000\040\000l\000i\000b\000r\000a\000r\000y}{section.2.4}% 30
\BOOKMARK [2][-]{subsection.2.4.3}{\376\377\000I\000n\000s\000t\000a\000l\000l\000\040\000a\000n\000\040\000R\000\040\000p\000a\000c\000k\000a\000g\000e}{section.2.4}% 31
\BOOKMARK [1][-]{section.2.5}{\376\377\000D\000i\000r\000e\000c\000t\000o\000r\000y}{chapter.2}% 32
\BOOKMARK [2][-]{subsection.2.5.1}{\376\377\000S\000t\000a\000r\000t\000i\000n\000g\000\040\000y\000o\000u\000r\000\040\000R\000\040\000j\000o\000b}{section.2.5}% 33
\BOOKMARK [2][-]{subsection.2.5.2}{\376\377\000C\000r\000e\000a\000t\000e\000\040\000n\000e\000w\000\040\000R\000\040\000p\000r\000o\000j\000e\000c\000t}{section.2.5}% 34
\BOOKMARK [2][-]{subsection.2.5.3}{\376\377\000W\000h\000e\000r\000e\000\040\000i\000s\000\040\000m\000y\000\040\000d\000a\000t\000a\000?}{section.2.5}% 35
\BOOKMARK [1][-]{section.2.6}{\376\377\000U\000p\000l\000o\000a\000d\000\040\000d\000a\000t\000a\000\040\000t\000o\000\040\000R\000S\000t\000u\000d\000i\000o\000\040\000C\000l\000o\000u\000d}{chapter.2}% 36
\BOOKMARK [1][-]{section.2.7}{\376\377\000M\000o\000r\000e\000\040\000r\000e\000s\000o\000u\000r\000c\000e\000s\000\040\000o\000n\000\040\000R\000S\000t\000u\000d\000i\000o\000\040\000C\000l\000o\000u\000d}{chapter.2}% 37
\BOOKMARK [1][-]{section.2.8}{\376\377\000N\000e\000e\000d\000\040\000h\000e\000l\000p\000?}{chapter.2}% 38
\BOOKMARK [1][-]{section.2.9}{\376\377\000B\000o\000o\000k\000d\000o\000w\000n}{chapter.2}% 39
\BOOKMARK [0][-]{chapter.3}{\376\377\000R\000S\000t\000u\000d\000i\000o\000\040\000P\000r\000o\000j\000e\000c\000t}{}% 40
\BOOKMARK [1][-]{section.3.1}{\376\377\000O\000b\000j\000e\000c\000t\000i\000v\000e\000s}{chapter.3}% 41
\BOOKMARK [1][-]{section.3.2}{\376\377\000D\000a\000t\000a\000s\000e\000t\000\040\000r\000e\000p\000o\000s\000i\000t\000o\000r\000y\000\040\000o\000n\000\040\000G\000i\000t\000H\000u\000b}{chapter.3}% 42
\BOOKMARK [1][-]{section.3.3}{\376\377\000R\000S\000t\000u\000d\000i\000o\000\040\000p\000r\000o\000j\000e\000c\000t\000\040\000o\000n\000\040\000R\000S\000t\000u\000d\000i\000o\000\040\000C\000l\000o\000u\000d}{chapter.3}% 43
\BOOKMARK [1][-]{section.3.4}{\376\377\000R\000S\000t\000u\000d\000i\000o\000\040\000p\000r\000o\000j\000e\000c\000t\000\040\000o\000n\000\040\000l\000o\000c\000a\000l\000\040\000m\000a\000c\000h\000i\000n\000e}{chapter.3}% 44
\BOOKMARK [0][-]{chapter.4}{\376\377\000D\000a\000t\000a\000\040\000V\000i\000s\000u\000a\000l\000i\000z\000a\000t\000i\000o\000n}{}% 45
\BOOKMARK [1][-]{section.4.1}{\376\377\000I\000n\000t\000r\000o\000d\000u\000c\000t\000i\000o\000n}{chapter.4}% 46
\BOOKMARK [1][-]{section.4.2}{\376\377\000H\000i\000s\000t\000o\000r\000y\000\040\000a\000n\000d\000\040\000o\000b\000j\000e\000c\000t\000i\000v\000e\000s\000\040\000o\000f\000\040\000D\000a\000t\000a\000\040\000V\000i\000s\000u\000a\000l\000i\000z\000a\000t\000i\000o\000n}{chapter.4}% 47
\BOOKMARK [1][-]{section.4.3}{\376\377\000I\000n\000g\000r\000e\000d\000i\000e\000n\000t\000s\000\040\000f\000o\000r\000\040\000G\000o\000o\000d\000\040\000G\000r\000a\000p\000h\000i\000c\000s}{chapter.4}% 48
\BOOKMARK [1][-]{section.4.4}{\376\377\000G\000r\000a\000p\000h\000i\000c\000s\000\040\000P\000a\000c\000k\000a\000g\000e\000s\000\040\000i\000n\000\040\000R}{chapter.4}% 49
\BOOKMARK [1][-]{section.4.5}{\376\377\000T\000h\000e\000\040\000g\000g\000p\000l\000o\000t\0002\000\040\000P\000a\000c\000k\000a\000g\000e}{chapter.4}% 50
\BOOKMARK [1][-]{section.4.6}{\376\377\000P\000r\000e\000p\000a\000r\000a\000t\000i\000o\000n}{chapter.4}% 51
\BOOKMARK [2][-]{subsection.4.6.1}{\376\377\000C\000r\000e\000a\000t\000e\000\040\000a\000\040\000N\000e\000w\000\040\000R\000S\000t\000u\000d\000i\000o\000\040\000P\000r\000o\000j\000e\000c\000t}{section.4.6}% 52
\BOOKMARK [2][-]{subsection.4.6.2}{\376\377\000I\000m\000p\000o\000r\000t\000a\000n\000t\000\040\000Q\000u\000e\000s\000t\000i\000o\000n\000s\000\040\000w\000h\000e\000n\000\040\000M\000a\000k\000i\000n\000g\000\040\000G\000r\000a\000p\000h\000s}{section.4.6}% 53
\BOOKMARK [2][-]{subsection.4.6.3}{\376\377\000R\000e\000a\000d\000\040\000D\000a\000t\000a}{section.4.6}% 54
\BOOKMARK [2][-]{subsection.4.6.4}{\376\377\000L\000o\000a\000d\000\040\000t\000h\000e\000\040\000L\000i\000b\000r\000a\000r\000y}{section.4.6}% 55
\BOOKMARK [2][-]{subsection.4.6.5}{\376\377\000R\000e\000a\000d\000\040\000D\000a\000t\000a\000s\000e\000t}{section.4.6}% 56
\BOOKMARK [1][-]{section.4.7}{\376\377\000B\000a\000s\000i\000c\000\040\000P\000l\000o\000t\000s}{chapter.4}% 57
\BOOKMARK [1][-]{section.4.8}{\376\377\000A\000d\000d\000i\000n\000g\000\040\000a\000n\000o\000t\000h\000e\000r\000\040\000v\000a\000r\000i\000a\000b\000l\000e}{chapter.4}% 58
\BOOKMARK [1][-]{section.4.9}{\376\377\000M\000a\000k\000i\000n\000g\000\040\000S\000u\000b\000p\000l\000o\000t\000s}{chapter.4}% 59
\BOOKMARK [1][-]{section.4.10}{\376\377\000O\000v\000e\000r\000l\000a\000y\000i\000n\000g\000\040\000P\000l\000o\000t\000s}{chapter.4}% 60
\BOOKMARK [1][-]{section.4.11}{\376\377\000C\000o\000m\000b\000i\000n\000i\000n\000g\000\040\000D\000i\000f\000f\000e\000r\000e\000n\000t\000\040\000P\000l\000o\000t\000s}{chapter.4}% 61
\BOOKMARK [1][-]{section.4.12}{\376\377\000S\000t\000a\000t\000i\000s\000t\000i\000c\000a\000l\000\040\000T\000r\000a\000n\000s\000f\000o\000r\000m\000a\000t\000i\000o\000n}{chapter.4}% 62
\BOOKMARK [1][-]{section.4.13}{\376\377\000C\000u\000s\000t\000o\000m\000i\000z\000i\000n\000g\000\040\000T\000i\000t\000l\000e}{chapter.4}% 63
\BOOKMARK [1][-]{section.4.14}{\376\377\000A\000d\000j\000u\000s\000t\000i\000n\000g\000\040\000A\000x\000e\000s}{chapter.4}% 64
\BOOKMARK [1][-]{section.4.15}{\376\377\000C\000h\000o\000o\000s\000i\000n\000g\000\040\000T\000h\000e\000m\000e\000s}{chapter.4}% 65
\BOOKMARK [1][-]{section.4.16}{\376\377\000S\000a\000v\000i\000n\000g\000\040\000P\000l\000o\000t\000s}{chapter.4}% 66
\BOOKMARK [0][-]{chapter.5}{\376\377\000D\000a\000t\000a\000\040\000W\000r\000a\000n\000g\000l\000i\000n\000g}{}% 67
\BOOKMARK [1][-]{section.5.1}{\376\377\000O\000b\000j\000e\000c\000t\000i\000v\000e\000s}{chapter.5}% 68
\BOOKMARK [1][-]{section.5.2}{\376\377\000D\000e\000f\000i\000n\000i\000t\000i\000o\000n\000\040\000o\000f\000\040\000d\000a\000t\000a\000\040\000w\000r\000a\000n\000g\000l\000i\000n\000g}{chapter.5}% 69
\BOOKMARK [1][-]{section.5.3}{\376\377\000D\000a\000t\000a\000\040\000w\000r\000a\000n\000g\000l\000i\000n\000g\000\040\000w\000i\000t\000h\000\040\000d\000p\000l\000y\000r\000\040\000p\000a\000c\000k\000a\000g\000e}{chapter.5}% 70
\BOOKMARK [2][-]{subsection.5.3.1}{\376\377\000d\000p\000l\000y\000r\000\040\000p\000a\000c\000k\000a\000g\000e}{section.5.3}% 71
\BOOKMARK [1][-]{section.5.4}{\376\377\000C\000o\000m\000m\000o\000n\000\040\000p\000r\000o\000c\000e\000d\000u\000r\000e\000s\000\040\000f\000o\000r\000\040\000d\000o\000i\000n\000g\000\040\000d\000a\000t\000a\000\040\000t\000r\000a\000n\000s\000f\000o\000r\000m\000a\000t\000i\000o\000n}{chapter.5}% 72
\BOOKMARK [1][-]{section.5.5}{\376\377\000S\000o\000m\000e\000\040\000d\000p\000l\000y\000r\000\040\000f\000u\000n\000c\000t\000i\000o\000n\000s}{chapter.5}% 73
\BOOKMARK [1][-]{section.5.6}{\376\377\000C\000r\000e\000a\000t\000e\000\040\000a\000\040\000n\000e\000w\000\040\000p\000r\000o\000j\000e\000c\000t\000\040\000o\000r\000\040\000s\000e\000t\000\040\000y\000o\000u\000r\000\040\000w\000o\000r\000k\000i\000n\000g\000\040\000d\000i\000r\000e\000c\000t\000o\000r\000y}{chapter.5}% 74
\BOOKMARK [1][-]{section.5.7}{\376\377\000L\000o\000a\000d\000\040\000t\000h\000e\000\040\000l\000i\000b\000r\000a\000r\000i\000e\000s}{chapter.5}% 75
\BOOKMARK [1][-]{section.5.8}{\376\377\000D\000a\000t\000a\000s\000e\000t\000s}{chapter.5}% 76
\BOOKMARK [1][-]{section.5.9}{\376\377\000S\000e\000l\000e\000c\000t\000\040\000v\000a\000r\000i\000a\000b\000l\000e\000s\000,\000\040\000g\000e\000n\000e\000r\000a\000t\000e\000\040\000n\000e\000w\000\040\000v\000a\000r\000i\000a\000b\000l\000e\000\040\000a\000n\000d\000\040\000r\000e\000n\000a\000m\000e\000\040\000v\000a\000r\000i\000a\000b\000l\000e}{chapter.5}% 77
\BOOKMARK [2][-]{subsection.5.9.1}{\376\377\000S\000e\000l\000e\000c\000t\000\040\000v\000a\000r\000i\000a\000b\000l\000e\000s\000\040\000u\000s\000i\000n\000g\000\040\000d\000p\000l\000y\000r\000:\000:\000s\000e\000l\000e\000c\000t\000\050\000\051}{section.5.9}% 78
\BOOKMARK [2][-]{subsection.5.9.2}{\376\377\000G\000e\000n\000e\000r\000a\000t\000e\000\040\000n\000e\000w\000\040\000v\000a\000r\000i\000a\000b\000l\000e\000\040\000u\000s\000i\000n\000g\000\040\000m\000u\000t\000a\000t\000e\000\050\000\051}{section.5.9}% 79
\BOOKMARK [2][-]{subsection.5.9.3}{\376\377\000R\000e\000n\000a\000m\000e\000\040\000v\000a\000r\000i\000a\000b\000l\000e\000\040\000u\000s\000i\000n\000g\000\040\000r\000e\000n\000a\000m\000e\000\050\000\051}{section.5.9}% 80
\BOOKMARK [1][-]{section.5.10}{\376\377\000S\000o\000r\000t\000i\000n\000g\000\040\000d\000a\000t\000a\000\040\000a\000n\000d\000\040\000s\000e\000l\000e\000c\000t\000\040\000o\000b\000s\000e\000r\000v\000a\000t\000i\000o\000n}{chapter.5}% 81
\BOOKMARK [2][-]{subsection.5.10.1}{\376\377\000S\000o\000r\000t\000i\000n\000g\000\040\000d\000a\000t\000a\000\040\000u\000s\000i\000n\000g\000\040\000a\000r\000r\000a\000n\000g\000e\000\050\000\051}{section.5.10}% 82
\BOOKMARK [2][-]{subsection.5.10.2}{\376\377\000S\000e\000l\000e\000c\000t\000\040\000o\000b\000s\000e\000r\000v\000a\000t\000i\000o\000n\000\040\000u\000s\000i\000n\000g\000\040\000f\000i\000l\000t\000e\000r\000\050\000\051}{section.5.10}% 83
\BOOKMARK [1][-]{section.5.11}{\376\377\000G\000r\000o\000u\000p\000\040\000d\000a\000t\000a\000\040\000a\000n\000d\000\040\000g\000e\000t\000\040\000s\000u\000m\000m\000a\000r\000y\000\040\000s\000t\000a\000t\000i\000s\000t\000i\000c\000s}{chapter.5}% 84
\BOOKMARK [2][-]{subsection.5.11.1}{\376\377\000G\000r\000o\000u\000p\000\040\000d\000a\000t\000a\000\040\000u\000s\000i\000n\000g\000\040\000g\000r\000o\000u\000p\000\137\000b\000y\000\050\000\051}{section.5.11}% 85
\BOOKMARK [2][-]{subsection.5.11.2}{\376\377\000S\000u\000m\000m\000a\000r\000y\000\040\000s\000t\000a\000t\000i\000s\000t\000i\000c\000\040\000u\000s\000i\000n\000g\000\040\000s\000u\000m\000m\000a\000r\000i\000z\000e\000\050\000\051}{section.5.11}% 86
\BOOKMARK [1][-]{section.5.12}{\376\377\000M\000o\000r\000e\000\040\000c\000o\000m\000p\000l\000i\000c\000a\000t\000e\000d\000\040\000d\000p\000l\000y\000r\000\040\000v\000e\000r\000b\000s}{chapter.5}% 87
\BOOKMARK [1][-]{section.5.13}{\376\377\000D\000a\000t\000a\000\040\000t\000r\000a\000n\000s\000f\000o\000r\000m\000a\000t\000i\000o\000n\000\040\000f\000o\000r\000\040\000c\000a\000t\000e\000g\000o\000r\000i\000c\000a\000l\000\040\000v\000a\000r\000i\000a\000b\000l\000e\000s}{chapter.5}% 88
\BOOKMARK [2][-]{subsection.5.13.1}{\376\377\000f\000o\000r\000c\000a\000t\000s\000\040\000p\000a\000c\000k\000a\000g\000e}{section.5.13}% 89
\BOOKMARK [2][-]{subsection.5.13.2}{\376\377\000C\000o\000n\000v\000e\000r\000s\000i\000o\000n\000\040\000f\000r\000o\000m\000\040\000n\000u\000m\000e\000r\000i\000c\000\040\000t\000o\000\040\000f\000a\000c\000t\000o\000r\000\040\000v\000a\000r\000i\000a\000b\000l\000e\000s}{section.5.13}% 90
\BOOKMARK [2][-]{subsection.5.13.3}{\376\377\000R\000e\000c\000o\000d\000i\000n\000g\000\040\000v\000a\000r\000i\000a\000b\000l\000e\000s}{section.5.13}% 91
\BOOKMARK [2][-]{subsection.5.13.4}{\376\377\000C\000h\000a\000n\000g\000i\000n\000g\000\040\000t\000h\000e\000\040\000l\000e\000v\000e\000l\000\040\000o\000f\000\040\000c\000a\000t\000e\000g\000o\000r\000i\000c\000a\000l\000\040\000v\000a\000r\000i\000a\000b\000l\000e}{section.5.13}% 92
\BOOKMARK [1][-]{section.5.14}{\376\377\000S\000u\000m\000m\000a\000r\000y}{chapter.5}% 93
\BOOKMARK [1][-]{section.5.15}{\376\377\000S\000e\000l\000f\000-\000p\000r\000a\000c\000t\000i\000c\000e}{chapter.5}% 94
\BOOKMARK [1][-]{section.5.16}{\376\377\000R\000e\000s\000o\000u\000r\000c\000e\000s}{chapter.5}% 95
\BOOKMARK [0][-]{chapter.6}{\376\377\000E\000x\000p\000l\000o\000r\000a\000t\000o\000r\000y\000\040\000d\000a\000t\000a\000\040\000a\000n\000a\000l\000y\000s\000i\000s\000\040\000\050\000E\000D\000A\000\051}{}% 96
\BOOKMARK [1][-]{section.6.1}{\376\377\000O\000b\000j\000e\000c\000t\000i\000v\000e\000s}{chapter.6}% 97
\BOOKMARK [1][-]{section.6.2}{\376\377\000M\000o\000t\000i\000v\000a\000t\000i\000o\000n}{chapter.6}% 98
\BOOKMARK [1][-]{section.6.3}{\376\377\000Q\000u\000e\000s\000t\000i\000o\000n\000s\000\040\000t\000o\000\040\000a\000s\000k\000\040\000b\000e\000f\000o\000r\000e\000\040\000m\000a\000k\000i\000n\000g\000\040\000g\000r\000a\000p\000h\000s}{chapter.6}% 99
\BOOKMARK [1][-]{section.6.4}{\376\377\000E\000D\000A\000\040\000u\000s\000i\000n\000g\000\040\000g\000g\000p\000l\000o\000t\0002\000\040\000p\000a\000c\000k\000a\000g\000e}{chapter.6}% 100
\BOOKMARK [2][-]{subsection.6.4.1}{\376\377\000U\000s\000a\000g\000e\000\040\000o\000f\000\040\000g\000g\000p\000l\000o\000t\0002}{section.6.4}% 101
\BOOKMARK [1][-]{section.6.5}{\376\377\000L\000o\000a\000d\000i\000n\000g\000\040\000t\000h\000e\000\040\000l\000i\000b\000r\000a\000r\000y}{chapter.6}% 102
\BOOKMARK [1][-]{section.6.6}{\376\377\000T\000h\000e\000\040\000d\000a\000t\000a\000s\000e\000t}{chapter.6}% 103
\BOOKMARK [1][-]{section.6.7}{\376\377\000E\000x\000p\000l\000o\000r\000a\000t\000o\000r\000y\000\040\000d\000a\000t\000a\000\040\000a\000n\000a\000l\000y\000s\000i\000s}{chapter.6}% 104
\BOOKMARK [2][-]{subsection.6.7.1}{\376\377\000S\000t\000a\000t\000i\000s\000t\000i\000c\000s}{section.6.7}% 105
\BOOKMARK [2][-]{subsection.6.7.2}{\376\377\000P\000l\000o\000t\000s}{section.6.7}% 106
\BOOKMARK [1][-]{section.6.8}{\376\377\000O\000n\000e\000\040\000v\000a\000r\000i\000a\000b\000l\000e\000:\000\040\000D\000i\000s\000t\000r\000i\000b\000u\000t\000i\000o\000n\000\040\000o\000f\000\040\000a\000\040\000c\000a\000t\000e\000g\000o\000r\000i\000c\000a\000l\000\040\000v\000a\000r\000i\000a\000b\000l\000e}{chapter.6}% 107
\BOOKMARK [2][-]{subsection.6.8.1}{\376\377\000B\000a\000r\000\040\000c\000h\000a\000r\000t}{section.6.8}% 108
\BOOKMARK [1][-]{section.6.9}{\376\377\000O\000n\000e\000\040\000v\000a\000r\000i\000a\000b\000l\000e\000:\000\040\000D\000i\000s\000t\000r\000i\000b\000u\000t\000i\000o\000n\000\040\000o\000f\000\040\000a\000\040\000n\000u\000m\000e\000r\000i\000c\000a\000l\000\040\000v\000a\000r\000i\000a\000b\000l\000e}{chapter.6}% 109
\BOOKMARK [2][-]{subsection.6.9.1}{\376\377\000H\000i\000s\000t\000o\000g\000r\000a\000m}{section.6.9}% 110
\BOOKMARK [2][-]{subsection.6.9.2}{\376\377\000D\000e\000n\000s\000i\000t\000y\000\040\000c\000u\000r\000v\000e}{section.6.9}% 111
\BOOKMARK [2][-]{subsection.6.9.3}{\376\377\000H\000i\000s\000t\000o\000g\000r\000a\000m\000\040\000a\000n\000d\000\040\000d\000e\000n\000s\000i\000t\000y\000\040\000c\000u\000r\000v\000e\000\040\000t\000o\000g\000e\000t\000h\000e\000r}{section.6.9}% 112
\BOOKMARK [1][-]{section.6.10}{\376\377\000T\000w\000o\000\040\000v\000a\000r\000i\000a\000b\000l\000e\000s\000:\000\040\000P\000l\000o\000t\000t\000i\000n\000g\000\040\000a\000\040\000n\000u\000m\000e\000r\000i\000c\000a\000l\000\040\000a\000n\000d\000\040\000a\000\040\000c\000a\000t\000e\000g\000o\000r\000i\000c\000a\000l\000\040\000v\000a\000r\000i\000a\000b\000l\000e}{chapter.6}% 113
\BOOKMARK [2][-]{subsection.6.10.1}{\376\377\000O\000v\000e\000r\000l\000a\000y\000i\000n\000g\000\040\000h\000i\000s\000t\000o\000g\000r\000a\000m\000s\000\040\000a\000n\000d\000\040\000b\000o\000x\000p\000l\000o\000t}{section.6.10}% 114
\BOOKMARK [2][-]{subsection.6.10.2}{\376\377\000F\000a\000c\000e\000t\000i\000n\000g\000\040\000t\000h\000e\000\040\000p\000l\000o\000t\000s}{section.6.10}% 115
\BOOKMARK [1][-]{section.6.11}{\376\377\000L\000i\000n\000e\000\040\000p\000l\000o\000t}{chapter.6}% 116
\BOOKMARK [1][-]{section.6.12}{\376\377\000P\000l\000o\000t\000t\000i\000n\000g\000\040\000m\000e\000a\000n\000s\000\040\000a\000n\000d\000\040\000e\000r\000r\000o\000r\000\040\000b\000a\000r\000s}{chapter.6}% 117
\BOOKMARK [1][-]{section.6.13}{\376\377\000S\000c\000a\000t\000t\000e\000r\000p\000l\000o\000t\000\040\000w\000i\000t\000h\000\040\000f\000i\000t\000\040\000l\000i\000n\000e}{chapter.6}% 118
\BOOKMARK [1][-]{section.6.14}{\376\377\000R\000e\000s\000o\000u\000r\000c\000e\000s}{chapter.6}% 119
\BOOKMARK [0][-]{chapter.7}{\376\377\000L\000i\000n\000e\000a\000r\000\040\000R\000e\000g\000r\000e\000s\000s\000i\000o\000n}{}% 120
\BOOKMARK [1][-]{section.7.1}{\376\377\000I\000n\000t\000r\000o\000d\000u\000c\000t\000i\000o\000n}{chapter.7}% 121
\BOOKMARK [2][-]{subsection.7.1.1}{\376\377\000B\000a\000c\000k\000g\000r\000o\000u\000n\000d}{section.7.1}% 122
\BOOKMARK [2][-]{subsection.7.1.2}{\376\377\000O\000b\000j\000e\000c\000t\000i\000v\000e\000s}{section.7.1}% 123
\BOOKMARK [1][-]{section.7.2}{\376\377\000P\000r\000e\000p\000a\000r\000e\000\040\000R\000\040\000E\000n\000v\000i\000r\000o\000n\000m\000e\000n\000t\000\040\000f\000o\000r\000\040\000A\000n\000a\000l\000y\000s\000i\000s}{chapter.7}% 124
\BOOKMARK [2][-]{subsection.7.2.1}{\376\377\000L\000i\000b\000r\000a\000r\000i\000e\000s}{section.7.2}% 125
\BOOKMARK [2][-]{subsection.7.2.2}{\376\377\000D\000a\000t\000a\000s\000e\000t}{section.7.2}% 126
\BOOKMARK [1][-]{section.7.3}{\376\377\000S\000i\000m\000p\000l\000e\000\040\000L\000i\000n\000e\000a\000r\000\040\000R\000e\000g\000r\000e\000s\000s\000i\000o\000n}{chapter.7}% 127
\BOOKMARK [2][-]{subsection.7.3.1}{\376\377\000A\000b\000o\000u\000t\000\040\000S\000i\000m\000p\000l\000e\000\040\000L\000i\000n\000e\000a\000r\000\040\000R\000e\000g\000r\000e\000s\000s\000i\000o\000n}{section.7.3}% 128
\BOOKMARK [2][-]{subsection.7.3.2}{\376\377\000D\000a\000t\000a\000\040\000e\000x\000p\000l\000o\000r\000a\000t\000i\000o\000n}{section.7.3}% 129
\BOOKMARK [2][-]{subsection.7.3.3}{\376\377\000U\000n\000i\000v\000a\000r\000i\000a\000b\000l\000e\000\040\000a\000n\000a\000l\000y\000s\000i\000s}{section.7.3}% 130
\BOOKMARK [2][-]{subsection.7.3.4}{\376\377\000M\000o\000d\000e\000l\000\040\000f\000i\000t\000\040\000a\000s\000s\000e\000s\000s\000m\000e\000n\000t}{section.7.3}% 131
\BOOKMARK [2][-]{subsection.7.3.5}{\376\377\000P\000r\000e\000s\000e\000n\000t\000a\000t\000i\000o\000n\000\040\000a\000n\000d\000\040\000i\000n\000t\000e\000r\000p\000r\000e\000t\000a\000t\000i\000o\000n}{section.7.3}% 132
\BOOKMARK [1][-]{section.7.4}{\376\377\000M\000u\000l\000t\000i\000p\000l\000e\000\040\000L\000i\000n\000e\000a\000r\000\040\000R\000e\000g\000r\000e\000s\000s\000i\000o\000n}{chapter.7}% 133
\BOOKMARK [2][-]{subsection.7.4.1}{\376\377\000A\000b\000o\000u\000t\000\040\000M\000u\000l\000t\000i\000p\000l\000e\000\040\000L\000i\000n\000e\000a\000r\000\040\000R\000e\000g\000r\000e\000s\000s\000i\000o\000n}{section.7.4}% 134
\BOOKMARK [2][-]{subsection.7.4.2}{\376\377\000D\000a\000t\000a\000\040\000e\000x\000p\000l\000o\000r\000a\000t\000i\000o\000n}{section.7.4}% 135
\BOOKMARK [2][-]{subsection.7.4.3}{\376\377\000U\000n\000i\000v\000a\000r\000i\000a\000b\000l\000e\000\040\000a\000n\000a\000l\000y\000s\000i\000s}{section.7.4}% 136
\BOOKMARK [2][-]{subsection.7.4.4}{\376\377\000M\000u\000l\000t\000i\000v\000a\000r\000i\000a\000b\000l\000e\000\040\000a\000n\000a\000l\000y\000s\000i\000s}{section.7.4}% 137
\BOOKMARK [2][-]{subsection.7.4.5}{\376\377\000I\000n\000t\000e\000r\000a\000c\000t\000i\000o\000n}{section.7.4}% 138
\BOOKMARK [2][-]{subsection.7.4.6}{\376\377\000M\000o\000d\000e\000l\000\040\000f\000i\000t\000\040\000a\000s\000s\000e\000s\000s\000m\000e\000n\000t}{section.7.4}% 139
\BOOKMARK [2][-]{subsection.7.4.7}{\376\377\000P\000r\000e\000s\000e\000n\000t\000a\000t\000i\000o\000n\000\040\000a\000n\000d\000\040\000i\000n\000t\000e\000r\000p\000r\000e\000t\000a\000t\000i\000o\000n}{section.7.4}% 140
\BOOKMARK [1][-]{section.7.5}{\376\377\000P\000r\000e\000d\000i\000c\000t\000i\000o\000n}{chapter.7}% 141
\BOOKMARK [1][-]{section.7.6}{\376\377\000S\000u\000m\000m\000a\000r\000y}{chapter.7}% 142
\BOOKMARK [0][-]{chapter.8}{\376\377\000B\000i\000n\000a\000r\000y\000\040\000L\000o\000g\000i\000s\000t\000i\000c\000\040\000R\000e\000g\000r\000e\000s\000s\000i\000o\000n}{}% 143
\BOOKMARK [1][-]{section.8.1}{\376\377\000O\000b\000j\000e\000c\000t\000i\000v\000e\000s}{chapter.8}% 144
\BOOKMARK [1][-]{section.8.2}{\376\377\000B\000a\000c\000k\000g\000r\000o\000u\000n\000d}{chapter.8}% 145
\BOOKMARK [1][-]{section.8.3}{\376\377\000F\000u\000r\000t\000h\000e\000r\000\040\000r\000e\000a\000d\000i\000n\000g\000s}{chapter.8}% 146
\BOOKMARK [1][-]{section.8.4}{\376\377\000D\000a\000t\000a\000s\000e\000t}{chapter.8}% 147
\BOOKMARK [1][-]{section.8.5}{\376\377\000l\000o\000g\000i\000t\000\040\000a\000n\000d\000\040\000l\000o\000g\000i\000s\000t\000i\000c\000\040\000m\000o\000d\000e\000l\000s}{chapter.8}% 148
\BOOKMARK [1][-]{section.8.6}{\376\377\000P\000r\000e\000p\000a\000r\000e\000\040\000e\000n\000v\000i\000r\000o\000n\000m\000e\000n\000t\000\040\000f\000o\000r\000\040\000a\000n\000a\000l\000y\000s\000i\000s}{chapter.8}% 149
\BOOKMARK [2][-]{subsection.8.6.1}{\376\377\000C\000r\000e\000a\000t\000i\000n\000g\000\040\000a\000\040\000R\000S\000t\000u\000d\000i\000o\000\040\000p\000r\000o\000j\000e\000c\000t}{section.8.6}% 150
\BOOKMARK [2][-]{subsection.8.6.2}{\376\377\000L\000o\000a\000d\000i\000n\000g\000\040\000l\000i\000b\000r\000a\000r\000i\000e\000s}{section.8.6}% 151
\BOOKMARK [1][-]{section.8.7}{\376\377\000R\000e\000a\000d\000\040\000d\000a\000t\000a}{chapter.8}% 152
\BOOKMARK [1][-]{section.8.8}{\376\377\000E\000x\000p\000l\000o\000r\000e\000\040\000d\000a\000t\000a}{chapter.8}% 153
\BOOKMARK [1][-]{section.8.9}{\376\377\000E\000s\000t\000i\000m\000a\000t\000e\000\040\000t\000h\000e\000\040\000r\000e\000g\000r\000e\000s\000s\000i\000o\000n\000\040\000p\000a\000r\000a\000m\000e\000t\000e\000r\000s}{chapter.8}% 154
\BOOKMARK [1][-]{section.8.10}{\376\377\000S\000i\000m\000p\000l\000e\000\040\000b\000i\000n\000a\000r\000y\000\040\000l\000o\000g\000i\000s\000t\000i\000c\000\040\000r\000e\000g\000r\000e\000s\000s\000i\000o\000n}{chapter.8}% 155
\BOOKMARK [1][-]{section.8.11}{\376\377\000M\000u\000l\000t\000i\000p\000l\000e\000\040\000b\000i\000n\000a\000r\000y\000\040\000l\000o\000g\000i\000s\000t\000i\000c\000\040\000r\000e\000g\000r\000e\000s\000s\000i\000o\000n}{chapter.8}% 156
\BOOKMARK [1][-]{section.8.12}{\376\377\000C\000o\000n\000v\000e\000r\000t\000\040\000t\000h\000e\000\040\000l\000o\000g\000\040\000o\000d\000d\000s\000\040\000t\000o\000\040\000o\000d\000d\000s\000\040\000r\000a\000t\000i\000o}{chapter.8}% 157
\BOOKMARK [1][-]{section.8.13}{\376\377\000M\000a\000k\000i\000n\000g\000\040\000i\000n\000f\000e\000r\000e\000n\000c\000e}{chapter.8}% 158
\BOOKMARK [1][-]{section.8.14}{\376\377\000M\000o\000d\000e\000l\000\040\000c\000o\000m\000p\000a\000r\000i\000s\000o\000n}{chapter.8}% 159
\BOOKMARK [1][-]{section.8.15}{\376\377\000A\000d\000d\000i\000n\000g\000\040\000a\000n\000\040\000i\000n\000t\000e\000r\000a\000c\000t\000i\000o\000n\000\040\000t\000e\000r\000m}{chapter.8}% 160
\BOOKMARK [1][-]{section.8.16}{\376\377\000P\000r\000e\000d\000i\000c\000t\000i\000o\000n\000\040\000f\000r\000o\000m\000\040\000b\000i\000n\000a\000r\000y\000\040\000l\000o\000g\000i\000s\000t\000i\000c\000\040\000r\000e\000g\000r\000e\000s\000s\000i\000o\000n}{chapter.8}% 161
\BOOKMARK [2][-]{subsection.8.16.1}{\376\377\000P\000r\000e\000d\000i\000c\000t\000\040\000t\000h\000e\000\040\000l\000o\000g\000\040\000o\000d\000d\000s}{section.8.16}% 162
\BOOKMARK [2][-]{subsection.8.16.2}{\376\377\000P\000r\000e\000d\000i\000c\000t\000\040\000t\000h\000e\000\040\000p\000r\000o\000b\000a\000b\000i\000l\000i\000t\000i\000e\000s}{section.8.16}% 163
\BOOKMARK [1][-]{section.8.17}{\376\377\000M\000o\000d\000e\000l\000\040\000f\000i\000t\000n\000e\000s\000s}{chapter.8}% 164
\BOOKMARK [1][-]{section.8.18}{\376\377\000P\000r\000e\000s\000e\000n\000t\000a\000t\000i\000o\000n}{chapter.8}% 165
\BOOKMARK [1][-]{section.8.19}{\376\377\000R\000e\000s\000o\000u\000r\000c\000e\000s}{chapter.8}% 166
\BOOKMARK [0][-]{chapter.9}{\376\377\000M\000u\000l\000t\000i\000n\000o\000m\000i\000a\000l\000\040\000L\000o\000g\000i\000s\000t\000i\000c\000\040\000R\000e\000g\000r\000e\000s\000s\000i\000o\000n}{}% 167
\BOOKMARK [1][-]{section.9.1}{\376\377\000O\000b\000j\000e\000c\000t\000i\000v\000e\000s}{chapter.9}% 168
\BOOKMARK [1][-]{section.9.2}{\376\377\000B\000a\000c\000k\000g\000r\000o\000u\000n\000d}{chapter.9}% 169
\BOOKMARK [1][-]{section.9.3}{\376\377\000E\000x\000a\000m\000p\000l\000e\000s\000\040\000o\000f\000\040\000m\000u\000l\000t\000i\000n\000o\000m\000i\000a\000l\000\040\000o\000u\000t\000c\000o\000m\000e\000\040\000v\000a\000r\000i\000a\000b\000l\000e\000s}{chapter.9}% 170
\BOOKMARK [1][-]{section.9.4}{\376\377\000M\000o\000d\000e\000l\000s\000\040\000f\000o\000r\000\040\000m\000u\000l\000t\000i\000n\000o\000m\000i\000a\000l\000\040\000o\000u\000t\000c\000o\000m\000e\000\040\000d\000a\000t\000a}{chapter.9}% 171
\BOOKMARK [1][-]{section.9.5}{\376\377\000E\000s\000t\000i\000m\000a\000t\000i\000o\000n\000\040\000f\000o\000r\000\040\000M\000u\000l\000t\000i\000n\000o\000m\000i\000a\000l\000\040\000l\000o\000g\000i\000t\000\040\000m\000o\000d\000e\000l}{chapter.9}% 172
\BOOKMARK [2][-]{subsection.9.5.1}{\376\377\000L\000o\000g\000\040\000O\000d\000d\000s\000\040\000a\000n\000d\000\040\000O\000d\000d\000s\000\040\000R\000a\000t\000i\000o\000s}{section.9.5}% 173
\BOOKMARK [2][-]{subsection.9.5.2}{\376\377\000C\000o\000n\000d\000i\000t\000i\000o\000n\000a\000l\000\040\000p\000r\000o\000b\000a\000b\000i\000l\000i\000t\000i\000e\000s}{section.9.5}% 174
\BOOKMARK [1][-]{section.9.6}{\376\377\000P\000r\000e\000p\000a\000r\000e\000\040\000e\000n\000v\000i\000r\000o\000n\000m\000e\000n\000t}{chapter.9}% 175
\BOOKMARK [2][-]{subsection.9.6.1}{\376\377\000L\000o\000a\000d\000i\000n\000g\000\040\000l\000i\000b\000r\000a\000r\000i\000e\000s}{section.9.6}% 176
\BOOKMARK [2][-]{subsection.9.6.2}{\376\377\000D\000a\000t\000a\000s\000e\000t}{section.9.6}% 177
\BOOKMARK [2][-]{subsection.9.6.3}{\376\377\000R\000e\000a\000d\000\040\000d\000a\000t\000a}{section.9.6}% 178
\BOOKMARK [1][-]{section.9.7}{\376\377\000U\000n\000i\000v\000a\000r\000i\000a\000b\000l\000e\000\040\000m\000u\000l\000t\000i\000n\000o\000m\000i\000a\000l\000\040\000l\000o\000g\000i\000s\000t\000i\000c\000\040\000r\000e\000g\000r\000e\000s\000s\000i\000o\000n}{chapter.9}% 179
\BOOKMARK [1][-]{section.9.8}{\376\377\000I\000n\000f\000e\000r\000e\000n\000c\000e\000s}{chapter.9}% 180
\BOOKMARK [1][-]{section.9.9}{\376\377\000M\000u\000l\000t\000i\000v\000a\000r\000i\000a\000b\000l\000e\000\040\000m\000u\000l\000t\000i\000n\000o\000m\000i\000a\000l\000\040\000l\000o\000g\000i\000s\000t\000i\000c\000\040\000r\000e\000g\000r\000e\000s\000s\000i\000o\000n}{chapter.9}% 181
\BOOKMARK [1][-]{section.9.10}{\376\377\000I\000n\000f\000e\000r\000e\000n\000c\000e\000s}{chapter.9}% 182
\BOOKMARK [1][-]{section.9.11}{\376\377\000I\000n\000t\000e\000r\000p\000r\000e\000t\000a\000t\000i\000o\000n}{chapter.9}% 183
\BOOKMARK [1][-]{section.9.12}{\376\377\000P\000r\000e\000d\000i\000c\000t\000i\000o\000n}{chapter.9}% 184
\BOOKMARK [1][-]{section.9.13}{\376\377\000P\000r\000e\000s\000e\000n\000t\000a\000t\000i\000o\000n\000\040\000o\000f\000\040\000t\000a\000b\000l\000e\000\040\000o\000f\000\040\000s\000t\000a\000t\000i\000s\000t\000i\000c\000s}{chapter.9}% 185
\BOOKMARK [0][-]{chapter.10}{\376\377\000P\000o\000i\000s\000s\000o\000n\000\040\000r\000e\000g\000r\000e\000s\000s\000i\000o\000n}{}% 186
\BOOKMARK [1][-]{section.10.1}{\376\377\000I\000n\000t\000r\000o\000d\000u\000c\000t\000i\000o\000n}{chapter.10}% 187
\BOOKMARK [2][-]{subsection.10.1.1}{\376\377\000B\000a\000c\000k\000g\000r\000o\000u\000n\000d}{section.10.1}% 188
\BOOKMARK [2][-]{subsection.10.1.2}{\376\377\000O\000b\000j\000e\000c\000t\000i\000v\000e\000s}{section.10.1}% 189
\BOOKMARK [1][-]{section.10.2}{\376\377\000P\000r\000e\000p\000a\000r\000e\000\040\000R\000\040\000E\000n\000v\000i\000r\000o\000n\000m\000e\000n\000t\000\040\000f\000o\000r\000\040\000A\000n\000a\000l\000y\000s\000i\000s}{chapter.10}% 190
\BOOKMARK [2][-]{subsection.10.2.1}{\376\377\000L\000i\000b\000r\000a\000r\000i\000e\000s}{section.10.2}% 191
\BOOKMARK [1][-]{section.10.3}{\376\377\000P\000o\000i\000s\000s\000o\000n\000\040\000r\000e\000g\000r\000e\000s\000s\000i\000o\000n\000\040\000f\000o\000r\000\040\000C\000o\000u\000n\000t}{chapter.10}% 192
\BOOKMARK [2][-]{subsection.10.3.1}{\376\377\000A\000b\000o\000u\000t\000\040\000P\000o\000i\000s\000s\000o\000n\000\040\000r\000e\000g\000r\000e\000s\000s\000i\000o\000n\000\040\000f\000o\000r\000\040\000c\000o\000u\000n\000t}{section.10.3}% 193
\BOOKMARK [2][-]{subsection.10.3.2}{\376\377\000D\000a\000t\000a\000s\000e\000t}{section.10.3}% 194
\BOOKMARK [2][-]{subsection.10.3.3}{\376\377\000D\000a\000t\000a\000\040\000e\000x\000p\000l\000o\000r\000a\000t\000i\000o\000n}{section.10.3}% 195
\BOOKMARK [2][-]{subsection.10.3.4}{\376\377\000U\000n\000i\000v\000a\000r\000i\000a\000b\000l\000e\000\040\000a\000n\000a\000l\000y\000s\000i\000s}{section.10.3}% 196
\BOOKMARK [2][-]{subsection.10.3.5}{\376\377\000M\000u\000l\000t\000i\000v\000a\000r\000i\000a\000b\000l\000e\000\040\000a\000n\000a\000l\000y\000s\000i\000s}{section.10.3}% 197
\BOOKMARK [2][-]{subsection.10.3.6}{\376\377\000I\000n\000t\000e\000r\000a\000c\000t\000i\000o\000n}{section.10.3}% 198
\BOOKMARK [2][-]{subsection.10.3.7}{\376\377\000M\000o\000d\000e\000l\000\040\000f\000i\000t\000\040\000a\000s\000s\000e\000s\000s\000m\000e\000n\000t}{section.10.3}% 199
\BOOKMARK [2][-]{subsection.10.3.8}{\376\377\000P\000r\000e\000s\000e\000n\000t\000a\000t\000i\000o\000n\000\040\000a\000n\000d\000\040\000i\000n\000t\000e\000r\000p\000r\000e\000t\000a\000t\000i\000o\000n}{section.10.3}% 200
\BOOKMARK [2][-]{subsection.10.3.9}{\376\377\000P\000r\000e\000d\000i\000c\000t\000i\000o\000n}{section.10.3}% 201
\BOOKMARK [1][-]{section.10.4}{\376\377\000P\000o\000i\000s\000s\000o\000n\000\040\000r\000e\000g\000r\000e\000s\000s\000i\000o\000n\000\040\000f\000o\000r\000\040\000R\000a\000t\000e}{chapter.10}% 202
\BOOKMARK [2][-]{subsection.10.4.1}{\376\377\000A\000b\000o\000u\000t\000\040\000P\000o\000i\000s\000s\000o\000n\000\040\000r\000e\000g\000r\000e\000s\000s\000i\000o\000n\000\040\000f\000o\000r\000\040\000r\000a\000t\000e}{section.10.4}% 203
\BOOKMARK [2][-]{subsection.10.4.2}{\376\377\000D\000a\000t\000a\000s\000e\000t}{section.10.4}% 204
\BOOKMARK [2][-]{subsection.10.4.3}{\376\377\000D\000a\000t\000a\000\040\000e\000x\000p\000l\000o\000r\000a\000t\000i\000o\000n}{section.10.4}% 205
\BOOKMARK [2][-]{subsection.10.4.4}{\376\377\000U\000n\000i\000v\000a\000r\000i\000a\000b\000l\000e\000\040\000a\000n\000a\000l\000y\000s\000i\000s}{section.10.4}% 206
\BOOKMARK [2][-]{subsection.10.4.5}{\376\377\000M\000u\000l\000t\000i\000v\000a\000r\000i\000a\000b\000l\000e\000\040\000a\000n\000a\000l\000y\000s\000i\000s}{section.10.4}% 207
\BOOKMARK [2][-]{subsection.10.4.6}{\376\377\000I\000n\000t\000e\000r\000a\000c\000t\000i\000o\000n}{section.10.4}% 208
\BOOKMARK [2][-]{subsection.10.4.7}{\376\377\000M\000o\000d\000e\000l\000\040\000f\000i\000t\000\040\000a\000s\000s\000e\000s\000s\000m\000e\000n\000t}{section.10.4}% 209
\BOOKMARK [2][-]{subsection.10.4.8}{\376\377\000P\000r\000e\000s\000e\000n\000t\000a\000t\000i\000o\000n\000\040\000a\000n\000d\000\040\000i\000n\000t\000e\000r\000p\000r\000e\000t\000a\000t\000i\000o\000n}{section.10.4}% 210
\BOOKMARK [1][-]{section.10.5}{\376\377\000Q\000u\000a\000s\000i\000-\000P\000o\000i\000s\000s\000o\000n\000\040\000R\000e\000g\000r\000e\000s\000s\000i\000o\000n\000\040\000f\000o\000r\000\040\000O\000v\000e\000r\000d\000i\000s\000p\000e\000r\000s\000e\000d\000\040\000D\000a\000t\000a}{chapter.10}% 211
\BOOKMARK [1][-]{section.10.6}{\376\377\000S\000u\000m\000m\000a\000r\000y}{chapter.10}% 212
\BOOKMARK [0][-]{chapter.11}{\376\377\000S\000u\000r\000v\000i\000v\000a\000l\000\040\000A\000n\000a\000l\000y\000s\000i\000s\000:\000\040\000k\000a\000p\000l\000a\000n\000-\000M\000e\000i\000e\000r\000\040\000a\000n\000d\000\040\000C\000o\000x\000\040\000P\000r\000o\000p\000o\000r\000t\000i\000o\000n\000a\000l\000\040\000H\000a\000z\000a\000r\000d\000\040\000\050\000P\000H\000\051\000\040\000R\000e\000g\000r\000e\000s\000s\000i\000o\000n}{}% 213
\BOOKMARK [1][-]{subsection.11.0.1}{\376\377\000O\000b\000j\000e\000c\000t\000i\000v\000e\000s}{chapter.11}% 214
\BOOKMARK [1][-]{section.11.1}{\376\377\000I\000n\000t\000r\000o\000d\000u\000c\000t\000i\000o\000n}{chapter.11}% 215
\BOOKMARK [2][-]{subsection.11.1.1}{\376\377\000B\000a\000c\000k\000g\000r\000o\000u\000n\000d}{section.11.1}% 216
\BOOKMARK [2][-]{subsection.11.1.2}{\376\377\000T\000y\000p\000e\000s\000\040\000o\000f\000\040\000s\000u\000r\000v\000i\000v\000a\000l\000\040\000a\000n\000a\000l\000y\000s\000i\000s}{section.11.1}% 217
\BOOKMARK [1][-]{section.11.2}{\376\377\000P\000r\000e\000p\000a\000r\000e\000\040\000e\000n\000v\000i\000r\000o\000n\000m\000e\000n\000t\000\040\000f\000o\000r\000\040\000a\000n\000a\000l\000y\000s\000i\000s}{chapter.11}% 218
\BOOKMARK [2][-]{subsection.11.2.1}{\376\377\000R\000S\000t\000u\000d\000i\000o\000\040\000p\000r\000o\000j\000e\000c\000t}{section.11.2}% 219
\BOOKMARK [2][-]{subsection.11.2.2}{\376\377\000P\000a\000c\000k\000a\000g\000e\000s}{section.11.2}% 220
\BOOKMARK [1][-]{section.11.3}{\376\377\000D\000a\000t\000a}{chapter.11}% 221
\BOOKMARK [1][-]{section.11.4}{\376\377\000E\000x\000p\000l\000o\000r\000a\000t\000o\000r\000y\000\040\000d\000a\000t\000a}{chapter.11}% 222
\BOOKMARK [1][-]{section.11.5}{\376\377\000k\000a\000p\000l\000a\000n\000-\000M\000e\000i\000e\000r\000\040\000s\000u\000r\000v\000i\000v\000a\000l\000\040\000e\000s\000t\000i\000m\000a\000t\000e\000s}{chapter.11}% 223
\BOOKMARK [1][-]{section.11.6}{\376\377\000P\000l\000o\000t\000\040\000t\000h\000e\000\040\000s\000u\000r\000v\000i\000v\000a\000l\000\040\000p\000r\000o\000b\000a\000b\000i\000l\000i\000t\000y}{chapter.11}% 224
\BOOKMARK [1][-]{section.11.7}{\376\377\000C\000o\000m\000p\000a\000r\000i\000n\000g\000\040\000k\000a\000p\000l\000a\000n\000-\000M\000e\000i\000e\000r\000\040\000e\000s\000t\000i\000m\000a\000t\000e\000s\000\040\000a\000c\000r\000o\000s\000s\000\040\000g\000r\000o\000u\000p\000s}{chapter.11}% 225
\BOOKMARK [2][-]{subsection.11.7.1}{\376\377\000L\000o\000g\000-\000r\000a\000n\000k\000\040\000t\000e\000s\000t}{section.11.7}% 226
\BOOKMARK [2][-]{subsection.11.7.2}{\376\377\000p\000e\000t\000o\000-\000p\000e\000t\000o\000\040\000t\000e\000s\000t}{section.11.7}% 227
\BOOKMARK [1][-]{section.11.8}{\376\377\000S\000e\000m\000i\000-\000p\000a\000r\000a\000m\000e\000t\000r\000i\000c\000\040\000m\000o\000d\000e\000l\000s\000\040\000i\000n\000\040\000s\000u\000r\000v\000i\000v\000a\000l\000\040\000a\000n\000a\000l\000y\000s\000i\000s}{chapter.11}% 228
\BOOKMARK [2][-]{subsection.11.8.1}{\376\377\000C\000o\000x\000\040\000p\000r\000o\000p\000o\000r\000t\000i\000o\000n\000a\000l\000\040\000h\000a\000z\000a\000r\000d\000s\000\040\000r\000e\000g\000r\000e\000s\000s\000i\000o\000n}{section.11.8}% 229
\BOOKMARK [2][-]{subsection.11.8.2}{\376\377\000A\000d\000v\000a\000n\000t\000a\000g\000e\000s\000\040\000o\000f\000\040\000t\000h\000e\000\040\000C\000o\000x\000\040\000p\000r\000o\000p\000o\000r\000t\000i\000o\000n\000a\000l\000\040\000h\000a\000z\000a\000r\000d\000s\000\040\000r\000e\000g\000r\000e\000s\000s\000i\000o\000n}{section.11.8}% 230
\BOOKMARK [1][-]{section.11.9}{\376\377\000E\000s\000t\000i\000m\000a\000t\000i\000o\000n\000\040\000f\000r\000o\000m\000\040\000C\000o\000x\000\040\000p\000r\000o\000p\000o\000r\000t\000i\000o\000n\000a\000l\000\040\000h\000a\000z\000a\000r\000d\000s\000\040\000r\000e\000g\000r\000e\000s\000s\000i\000o\000n}{chapter.11}% 231
\BOOKMARK [2][-]{subsection.11.9.1}{\376\377\000S\000i\000m\000p\000l\000e\000\040\000C\000o\000x\000\040\000P\000H\000\040\000r\000e\000g\000r\000e\000s\000s\000i\000o\000n}{section.11.9}% 232
\BOOKMARK [2][-]{subsection.11.9.2}{\376\377\000M\000u\000l\000t\000i\000p\000l\000e\000\040\000C\000o\000x\000\040\000P\000H\000\040\000r\000e\000g\000r\000e\000s\000s\000i\000o\000n}{section.11.9}% 233
\BOOKMARK [1][-]{section.11.10}{\376\377\000I\000n\000f\000e\000r\000e\000n\000c\000e}{chapter.11}% 234
\BOOKMARK [1][-]{section.11.11}{\376\377\000A\000d\000d\000i\000n\000g\000\040\000i\000n\000t\000e\000r\000a\000c\000t\000i\000o\000n\000\040\000i\000n\000\040\000t\000h\000e\000\040\000m\000o\000d\000e\000l}{chapter.11}% 235
\BOOKMARK [1][-]{section.11.12}{\376\377\000T\000h\000e\000\040\000p\000r\000o\000p\000o\000r\000t\000i\000o\000n\000a\000l\000\040\000h\000a\000z\000a\000r\000d\000\040\000a\000s\000s\000u\000m\000p\000t\000i\000o\000n}{chapter.11}% 236
\BOOKMARK [2][-]{subsection.11.12.1}{\376\377\000R\000i\000s\000k\000\040\000c\000o\000n\000s\000t\000a\000n\000t\000\040\000o\000v\000e\000r\000\040\000t\000i\000m\000e}{section.11.12}% 237
\BOOKMARK [2][-]{subsection.11.12.2}{\376\377\000T\000e\000s\000t\000\040\000f\000o\000r\000\040\000P\000H\000\040\000a\000s\000s\000u\000m\000p\000t\000i\000o\000n}{section.11.12}% 238
\BOOKMARK [2][-]{subsection.11.12.3}{\376\377\000P\000l\000o\000t\000s\000\040\000t\000o\000\040\000a\000s\000s\000e\000s\000s\000\040\000P\000H\000\040\000a\000s\000s\000u\000m\000p\000t\000i\000o\000n}{section.11.12}% 239
\BOOKMARK [1][-]{section.11.13}{\376\377\000M\000o\000d\000e\000l\000\040\000c\000h\000e\000c\000k\000i\000n\000g}{chapter.11}% 240
\BOOKMARK [2][-]{subsection.11.13.1}{\376\377\000P\000r\000e\000d\000i\000c\000t\000i\000o\000n\000\040\000f\000r\000o\000m\000\040\000C\000o\000x\000\040\000P\000H\000\040\000m\000o\000d\000e\000l}{section.11.13}% 241
\BOOKMARK [2][-]{subsection.11.13.2}{\376\377\000R\000e\000s\000i\000d\000u\000a\000s\000\040\000f\000r\000o\000m\000\040\000C\000o\000x\000\040\000P\000H\000\040\000m\000o\000d\000e\000l}{section.11.13}% 242
\BOOKMARK [2][-]{subsection.11.13.3}{\376\377\000I\000n\000f\000l\000u\000e\000n\000t\000i\000a\000l\000\040\000o\000b\000s\000e\000r\000v\000a\000t\000i\000o\000n\000s}{section.11.13}% 243
\BOOKMARK [1][-]{section.11.14}{\376\377\000P\000l\000o\000t\000\040\000t\000h\000e\000\040\000a\000d\000j\000u\000s\000t\000e\000d\000\040\000s\000u\000r\000v\000i\000v\000a\000l}{chapter.11}% 244
\BOOKMARK [1][-]{section.11.15}{\376\377\000P\000r\000e\000s\000e\000n\000t\000a\000t\000i\000o\000n\000\040\000a\000n\000d\000\040\000i\000n\000t\000e\000r\000p\000r\000e\000t\000a\000t\000i\000o\000n}{chapter.11}% 245
\BOOKMARK [1][-]{section.11.16}{\376\377\000R\000e\000f\000e\000r\000e\000n\000c\000e\000s}{chapter.11}% 246
\BOOKMARK [0][-]{chapter.12}{\376\377\000P\000a\000r\000a\000m\000e\000t\000r\000i\000c\000\040\000S\000u\000r\000v\000i\000v\000a\000l\000\040\000A\000n\000a\000l\000y\000s\000i\000s}{}% 247
\BOOKMARK [1][-]{section.12.1}{\376\377\000O\000b\000j\000e\000c\000t\000i\000v\000e\000s}{chapter.12}% 248
\BOOKMARK [1][-]{section.12.2}{\376\377\000I\000n\000t\000r\000o\000d\000u\000c\000t\000i\000o\000n}{chapter.12}% 249
\BOOKMARK [1][-]{section.12.3}{\376\377\000D\000a\000t\000a\000s\000e\000t}{chapter.12}% 250
\BOOKMARK [1][-]{section.12.4}{\376\377\000S\000e\000t\000\040\000t\000h\000e\000\040\000e\000n\000v\000i\000r\000o\000m\000e\000n\000t}{chapter.12}% 251
\BOOKMARK [1][-]{section.12.5}{\376\377\000R\000e\000a\000d\000\040\000d\000a\000t\000a\000s\000e\000t}{chapter.12}% 252
\BOOKMARK [1][-]{section.12.6}{\376\377\000D\000a\000t\000a\000\040\000W\000r\000a\000n\000g\000l\000i\000n\000g}{chapter.12}% 253
\BOOKMARK [1][-]{section.12.7}{\376\377\000E\000x\000p\000l\000o\000r\000a\000t\000o\000r\000y\000\040\000D\000a\000t\000a\000\040\000A\000n\000a\000l\000y\000s\000i\000s}{chapter.12}% 254
\BOOKMARK [1][-]{section.12.8}{\376\377\000W\000e\000i\000b\000u\000l\000l\000\040\000\050\000A\000c\000c\000e\000l\000e\000r\000a\000t\000e\000d\000\040\000F\000a\000i\000l\000u\000r\000e\000\040\000T\000i\000m\000e\000\051}{chapter.12}% 255
\BOOKMARK [2][-]{subsection.12.8.1}{\376\377\000I\000n\000t\000e\000r\000p\000r\000e\000t\000a\000t\000i\000o\000n}{section.12.8}% 256
\BOOKMARK [1][-]{section.12.9}{\376\377\000W\000e\000i\000b\000u\000l\000l\000\040\000\050\000P\000r\000o\000p\000o\000r\000t\000i\000o\000n\000a\000l\000\040\000H\000a\000z\000a\000r\000d\000\051}{chapter.12}% 257
\BOOKMARK [2][-]{subsection.12.9.1}{\376\377\000I\000n\000t\000e\000r\000p\000r\000e\000t\000a\000t\000i\000o\000n}{section.12.9}% 258
\BOOKMARK [1][-]{section.12.10}{\376\377\000M\000o\000d\000e\000l\000\040\000a\000d\000e\000q\000u\000a\000c\000y\000\040\000f\000o\000r\000\040\000W\000e\000i\000b\000u\000l\000l\000\040\000d\000i\000s\000t\000r\000i\000b\000u\000t\000i\000o\000n}{chapter.12}% 259
\BOOKMARK [0][-]{chapter.13}{\376\377\000M\000i\000s\000s\000i\000n\000g\000\040\000d\000a\000t\000a}{}% 260
\BOOKMARK [1][-]{section.13.1}{\376\377\000O\000b\000j\000e\000c\000t\000i\000v\000e\000s}{chapter.13}% 261
\BOOKMARK [1][-]{section.13.2}{\376\377\000I\000n\000t\000r\000o\000d\000u\000c\000t\000i\000o\000n}{chapter.13}% 262
\BOOKMARK [1][-]{section.13.3}{\376\377\000P\000r\000e\000l\000i\000m\000i\000n\000a\000r\000i\000e\000s}{chapter.13}% 263
\BOOKMARK [2][-]{subsection.13.3.1}{\376\377\000P\000a\000c\000k\000a\000g\000e\000s}{section.13.3}% 264
\BOOKMARK [2][-]{subsection.13.3.2}{\376\377\000D\000a\000t\000a\000s\000e\000t}{section.13.3}% 265
\BOOKMARK [1][-]{section.13.4}{\376\377\000E\000x\000p\000l\000o\000r\000i\000n\000g\000\040\000m\000i\000s\000s\000i\000n\000g\000\040\000d\000a\000t\000a}{chapter.13}% 266
\BOOKMARK [1][-]{section.13.5}{\376\377\000H\000a\000n\000d\000l\000i\000n\000g\000\040\000m\000i\000s\000s\000i\000n\000g\000\040\000d\000a\000t\000a}{chapter.13}% 267
\BOOKMARK [2][-]{subsection.13.5.1}{\376\377\000L\000i\000s\000t\000w\000i\000s\000e\000\040\000d\000e\000l\000e\000t\000i\000o\000n}{section.13.5}% 268
\BOOKMARK [2][-]{subsection.13.5.2}{\376\377\000S\000i\000m\000p\000l\000e\000\040\000i\000m\000p\000u\000t\000a\000t\000i\000o\000n}{section.13.5}% 269
\BOOKMARK [2][-]{subsection.13.5.3}{\376\377\000S\000i\000n\000g\000l\000e\000\040\000i\000m\000p\000u\000t\000a\000t\000i\000o\000n}{section.13.5}% 270
\BOOKMARK [2][-]{subsection.13.5.4}{\376\377\000M\000u\000l\000t\000i\000p\000l\000e\000\040\000i\000m\000p\000u\000t\000a\000t\000i\000o\000n}{section.13.5}% 271
\BOOKMARK [1][-]{section.13.6}{\376\377\000P\000r\000e\000s\000e\000n\000t\000a\000t\000i\000o\000n}{chapter.13}% 272
\BOOKMARK [1][-]{section.13.7}{\376\377\000R\000e\000s\000o\000u\000r\000c\000e\000s}{chapter.13}% 273
\BOOKMARK [0][-]{chapter*.60}{\376\377\000B\000i\000b\000l\000i\000o\000g\000r\000a\000p\000h\000y}{}% 274
\BOOKMARK [0][-]{chapter*.60}{\376\377\000I\000n\000d\000e\000x}{}% 275
\BOOKMARK [1][-]{section*.61}{}{chapter*.60}% 276
