This is XeTeX, Version 3.14159265-2.6-0.999992 (MiKTeX 20.12) (preloaded format=xelatex 2021.1.9)  18 JUN 2021 22:09
entering extended mode
**./Multivariable_Data_Analysis.tex
(Multivariable_Data_Analysis.tex
LaTeX2e <2020-10-01> patch level 2
L3 programming layer <2020-12-07> xparse <2020-03-03> (C:\Users\drkim\AppData\L
ocal\Programs\MiKTeX\tex/latex/base\book.cls
Document Class: book 2020/04/10 v1.4m Standard LaTeX document class
(C:\Users\drkim\AppData\Local\Programs\MiKTeX\tex/latex/base\bk10.clo
File: bk10.clo 2020/04/10 v1.4m Standard LaTeX file (size option)
)
\c@part=\count173
\c@chapter=\count174
\c@section=\count175
\c@subsection=\count176
\c@subsubsection=\count177
\c@paragraph=\count178
\c@subparagraph=\count179
\c@figure=\count180
\c@table=\count181
\abovecaptionskip=\skip47
\belowcaptionskip=\skip48
\bibindent=\dimen138
) (C:\Users\drkim\AppData\Local\Programs\MiKTeX\tex/latex/amsmath\amsmath.sty
Package: amsmath 2020/09/23 v2.17i AMS math features
\@mathmargin=\skip49
For additional information on amsmath, use the `?' option.
(C:\Users\drkim\AppData\Local\Programs\MiKTeX\tex/latex/amsmath\amstext.sty
Package: amstext 2000/06/29 v2.01 AMS text
(C:\Users\drkim\AppData\Local\Programs\MiKTeX\tex/latex/amsmath\amsgen.sty
File: amsgen.sty 1999/11/30 v2.0 generic functions
\@emptytoks=\toks15
\ex@=\dimen139
)) (C:\Users\drkim\AppData\Local\Programs\MiKTeX\tex/latex/amsmath\amsbsy.sty
Package: amsbsy 1999/11/29 v1.2d Bold Symbols
\pmbraise@=\dimen140
) (C:\Users\drkim\AppData\Local\Programs\MiKTeX\tex/latex/amsmath\amsopn.sty
Package: amsopn 2016/03/08 v2.02 operator names
)
\inf@bad=\count182
LaTeX Info: Redefining \frac on input line 234.
\uproot@=\count183
\leftroot@=\count184
LaTeX Info: Redefining \overline on input line 399.
\classnum@=\count185
\DOTSCASE@=\count186
LaTeX Info: Redefining \ldots on input line 496.
LaTeX Info: Redefining \dots on input line 499.
LaTeX Info: Redefining \cdots on input line 620.
\Mathstrutbox@=\box47
\strutbox@=\box48
\big@size=\dimen141
LaTeX Font Info:    Redeclaring font encoding OML on input line 743.
LaTeX Font Info:    Redeclaring font encoding OMS on input line 744.
\macc@depth=\count187
\c@MaxMatrixCols=\count188
\dotsspace@=\muskip16
\c@parentequation=\count189
\dspbrk@lvl=\count190
\tag@help=\toks16
\row@=\count191
\column@=\count192
\maxfields@=\count193
\andhelp@=\toks17
\eqnshift@=\dimen142
\alignsep@=\dimen143
\tagshift@=\dimen144
\tagwidth@=\dimen145
\totwidth@=\dimen146
\lineht@=\dimen147
\@envbody=\toks18
\multlinegap=\skip50
\multlinetaggap=\skip51
\mathdisplay@stack=\toks19
LaTeX Info: Redefining \[ on input line 2923.
LaTeX Info: Redefining \] on input line 2924.
) (C:\Users\drkim\AppData\Local\Programs\MiKTeX\tex/latex/amsfonts\amssymb.sty
Package: amssymb 2013/01/14 v3.01 AMS font symbols
(C:\Users\drkim\AppData\Local\Programs\MiKTeX\tex/latex/amsfonts\amsfonts.sty
Package: amsfonts 2013/01/14 v3.01 Basic AMSFonts support
\symAMSa=\mathgroup4
\symAMSb=\mathgroup5
LaTeX Font Info:    Redeclaring math symbol \hbar on input line 98.
LaTeX Font Info:    Overwriting math alphabet `\mathfrak' in version `bold'
(Font)                  U/euf/m/n --> U/euf/b/n on input line 106.
)) (C:\Users\drkim\AppData\Local\Programs\MiKTeX\tex/latex/lm\lmodern.sty
Package: lmodern 2009/10/30 v1.6 Latin Modern Fonts
LaTeX Font Info:    Overwriting symbol font `operators' in version `normal'
(Font)                  OT1/cmr/m/n --> OT1/lmr/m/n on input line 22.
LaTeX Font Info:    Overwriting symbol font `letters' in version `normal'
(Font)                  OML/cmm/m/it --> OML/lmm/m/it on input line 23.
LaTeX Font Info:    Overwriting symbol font `symbols' in version `normal'
(Font)                  OMS/cmsy/m/n --> OMS/lmsy/m/n on input line 24.
LaTeX Font Info:    Overwriting symbol font `largesymbols' in version `normal'
(Font)                  OMX/cmex/m/n --> OMX/lmex/m/n on input line 25.
LaTeX Font Info:    Overwriting symbol font `operators' in version `bold'
(Font)                  OT1/cmr/bx/n --> OT1/lmr/bx/n on input line 26.
LaTeX Font Info:    Overwriting symbol font `letters' in version `bold'
(Font)                  OML/cmm/b/it --> OML/lmm/b/it on input line 27.
LaTeX Font Info:    Overwriting symbol font `symbols' in version `bold'
(Font)                  OMS/cmsy/b/n --> OMS/lmsy/b/n on input line 28.
LaTeX Font Info:    Overwriting symbol font `largesymbols' in version `bold'
(Font)                  OMX/cmex/m/n --> OMX/lmex/m/n on input line 29.
LaTeX Font Info:    Overwriting math alphabet `\mathbf' in version `normal'
(Font)                  OT1/cmr/bx/n --> OT1/lmr/bx/n on input line 31.
LaTeX Font Info:    Overwriting math alphabet `\mathsf' in version `normal'
(Font)                  OT1/cmss/m/n --> OT1/lmss/m/n on input line 32.
LaTeX Font Info:    Overwriting math alphabet `\mathit' in version `normal'
(Font)                  OT1/cmr/m/it --> OT1/lmr/m/it on input line 33.
LaTeX Font Info:    Overwriting math alphabet `\mathtt' in version `normal'
(Font)                  OT1/cmtt/m/n --> OT1/lmtt/m/n on input line 34.
LaTeX Font Info:    Overwriting math alphabet `\mathbf' in version `bold'
(Font)                  OT1/cmr/bx/n --> OT1/lmr/bx/n on input line 35.
LaTeX Font Info:    Overwriting math alphabet `\mathsf' in version `bold'
(Font)                  OT1/cmss/bx/n --> OT1/lmss/bx/n on input line 36.
LaTeX Font Info:    Overwriting math alphabet `\mathit' in version `bold'
(Font)                  OT1/cmr/bx/it --> OT1/lmr/bx/it on input line 37.
LaTeX Font Info:    Overwriting math alphabet `\mathtt' in version `bold'
(Font)                  OT1/cmtt/m/n --> OT1/lmtt/m/n on input line 38.
) (C:\Users\drkim\AppData\Local\Programs\MiKTeX\tex/generic/iftex\ifxetex.sty
Package: ifxetex 2019/10/25 v0.7 ifxetex legacy package. Use iftex instead.
(C:\Users\drkim\AppData\Local\Programs\MiKTeX\tex/generic/iftex\iftex.sty
Package: iftex 2020/03/06 v1.0d TeX engine tests
)) (C:\Users\drkim\AppData\Local\Programs\MiKTeX\tex/generic/iftex\ifluatex.sty
Package: ifluatex 2019/10/25 v1.5 ifluatex legacy package. Use iftex instead.
)
(C:\Users\drkim\AppData\Local\Programs\MiKTeX\tex/latex/unicode-math\unicode-ma
th.sty (C:\Users\drkim\AppData\Local\Programs\MiKTeX\tex/latex/l3kernel\expl3.s
ty
Package: expl3 2020-12-07 L3 programming layer (loader) 

(C:\Users\drkim\AppData\Local\Programs\MiKTeX\tex/latex/l3backend\l3backend-xet
ex.def
File: l3backend-xetex.def 2020-09-24 L3 backend support: XeTeX
\g__graphics_track_int=\count194
\l__pdf_internal_box=\box49
\g__pdf_backend_object_int=\count195
\g__pdf_backend_annotation_int=\count196
))
Package: unicode-math 2020/01/31 v0.8q Unicode maths in XeLaTeX and LuaLaTeX

(C:\Users\drkim\AppData\Local\Programs\MiKTeX\tex/latex/unicode-math\unicode-ma
th-xetex.sty
Package: unicode-math-xetex 2020/01/31 v0.8q Unicode maths in XeLaTeX and LuaLa
TeX

(C:\Users\drkim\AppData\Local\Programs\MiKTeX\tex/latex/l3packages/xparse\xpars
e.sty
Package: xparse 2020-10-27 L3 Experimental document command parser

(C:\Users\drkim\AppData\Local\Programs\MiKTeX\tex/latex/l3packages/xparse\xpars
e-generic.tex))
(C:\Users\drkim\AppData\Local\Programs\MiKTeX\tex/latex/l3packages/l3keys2e\l3k
eys2e.sty
Package: l3keys2e 2020-10-27 LaTeX2e option processing using LaTeX3 keys
) (C:\Users\drkim\AppData\Local\Programs\MiKTeX\tex/latex/fontspec\fontspec.sty
Package: fontspec 2020/02/21 v2.7i Font selection for XeLaTeX and LuaLaTeX

(C:\Users\drkim\AppData\Local\Programs\MiKTeX\tex/latex/fontspec\fontspec-xetex
.sty
Package: fontspec-xetex 2020/02/21 v2.7i Font selection for XeLaTeX and LuaLaTe
X
\l__fontspec_script_int=\count197
\l__fontspec_language_int=\count198
\l__fontspec_strnum_int=\count199
\l__fontspec_tmp_int=\count266
\l__fontspec_tmpa_int=\count267
\l__fontspec_tmpb_int=\count268
\l__fontspec_tmpc_int=\count269
\l__fontspec_em_int=\count270
\l__fontspec_emdef_int=\count271
\l__fontspec_strong_int=\count272
\l__fontspec_strongdef_int=\count273
\l__fontspec_tmpa_dim=\dimen148
\l__fontspec_tmpb_dim=\dimen149
\l__fontspec_tmpc_dim=\dimen150
(C:\Users\drkim\AppData\Local\Programs\MiKTeX\tex/latex/base\fontenc.sty
Package: fontenc 2020/08/10 v2.0s Standard LaTeX package
) (C:\Users\drkim\AppData\Local\Programs\MiKTeX\tex/latex/fontspec\fontspec.cfg
))) (C:\Users\drkim\AppData\Local\Programs\MiKTeX\tex/latex/base\fix-cm.sty
Package: fix-cm 2015/01/14 v1.1t fixes to LaTeX
(C:\Users\drkim\AppData\Local\Programs\MiKTeX\tex/latex/base\ts1enc.def
File: ts1enc.def 2001/06/05 v3.0e (jk/car/fm) Standard LaTeX file
LaTeX Font Info:    Redeclaring font encoding TS1 on input line 47.
))
\g__um_fam_int=\count274
\g__um_fonts_used_int=\count275
\l__um_primecount_int=\count276
\g__um_primekern_muskip=\muskip17

(C:\Users\drkim\AppData\Local\Programs\MiKTeX\tex/latex/unicode-math\unicode-ma
th-table.tex))) (C:\Users\drkim\AppData\Local\Programs\MiKTeX\tex/latex/upquote
\upquote.sty
Package: upquote 2012/04/19 v1.3 upright-quote and grave-accent glyphs in verba
tim
(C:\Users\drkim\AppData\Local\Programs\MiKTeX\tex/latex/base\textcomp.sty
Package: textcomp 2020/02/02 v2.0n Standard LaTeX package
))
(C:\Users\drkim\AppData\Local\Programs\MiKTeX\tex/latex/microtype\microtype.sty
Package: microtype 2020/12/07 v2.8 Micro-typographical refinements (RS)
(C:\Users\drkim\AppData\Local\Programs\MiKTeX\tex/latex/graphics\keyval.sty
Package: keyval 2014/10/28 v1.15 key=value parser (DPC)
\KV@toks@=\toks20
)
\MT@toks=\toks21
\MT@count=\count277
LaTeX Info: Redefining \textls on input line 788.
\MT@outer@kern=\dimen151
LaTeX Info: Redefining \textmicrotypecontext on input line 1358.
\MT@listname@count=\count278

(C:\Users\drkim\AppData\Local\Programs\MiKTeX\tex/latex/microtype\microtype-xet
ex.def
File: microtype-xetex.def 2020/12/07 v2.8 Definitions specific to xetex (RS)
LaTeX Info: Redefining \lsstyle on input line 254.
)
Package microtype Info: Loading configuration file microtype.cfg.

(C:\Users\drkim\AppData\Local\Programs\MiKTeX\tex/latex/microtype\microtype.cfg
File: microtype.cfg 2020/12/07 v2.8 microtype main configuration file (RS)
)) (C:\Users\drkim\AppData\Local\Programs\MiKTeX\tex/latex/parskip\parskip.sty
Package: parskip 2020-06-15 v2.0f non-zero parskip adjustments

(C:\Users\drkim\AppData\Local\Programs\MiKTeX\tex/latex/kvoptions\kvoptions.sty
Package: kvoptions 2020-10-07 v3.14 Key value format for package options (HO)
(C:\Users\drkim\AppData\Local\Programs\MiKTeX\tex/generic/ltxcmds\ltxcmds.sty
Package: ltxcmds 2020-05-10 v1.25 LaTeX kernel commands for general use (HO)
)
(C:\Users\drkim\AppData\Local\Programs\MiKTeX\tex/generic/kvsetkeys\kvsetkeys.s
ty
Package: kvsetkeys 2019/12/15 v1.18 Key value parser (HO)
)) (C:\Users\drkim\AppData\Local\Programs\MiKTeX\tex/latex/etoolbox\etoolbox.st
y
Package: etoolbox 2020/10/05 v2.5k e-TeX tools for LaTeX (JAW)
\etb@tempcnta=\count279
)) (C:\Users\drkim\AppData\Local\Programs\MiKTeX\tex/latex/xcolor\xcolor.sty
Package: xcolor 2016/05/11 v2.12 LaTeX color extensions (UK)
(C:\Users\drkim\AppData\Local\Programs\MiKTeX\tex/latex/graphics-cfg\color.cfg
File: color.cfg 2016/01/02 v1.6 sample color configuration
)
Package xcolor Info: Driver file: xetex.def on input line 225.
(C:\Users\drkim\AppData\Local\Programs\MiKTeX\tex/latex/graphics-def\xetex.def
File: xetex.def 2020/08/26 v5.0i Graphics/color driver for xetex
)
Package xcolor Info: Model `cmy' substituted by `cmy0' on input line 1348.
Package xcolor Info: Model `RGB' extended on input line 1364.
Package xcolor Info: Model `HTML' substituted by `rgb' on input line 1366.
Package xcolor Info: Model `Hsb' substituted by `hsb' on input line 1367.
Package xcolor Info: Model `tHsb' substituted by `hsb' on input line 1368.
Package xcolor Info: Model `HSB' substituted by `hsb' on input line 1369.
Package xcolor Info: Model `Gray' substituted by `gray' on input line 1370.
Package xcolor Info: Model `wave' substituted by `hsb' on input line 1371.
(C:\Users\drkim\AppData\Local\Programs\MiKTeX\tex/latex/graphics\dvipsnam.def
File: dvipsnam.def 2016/06/17 v3.0m Driver-dependent file (DPC,SPQR)
) (C:\Users\drkim\AppData\Local\Programs\MiKTeX\tex/latex/xcolor\svgnam.def
File: svgnam.def 2016/05/11 v2.12 Predefined colors according to SVG 1.1 (UK)
) (C:\Users\drkim\AppData\Local\Programs\MiKTeX\tex/latex/xcolor\x11nam.def
File: x11nam.def 2016/05/11 v2.12 Predefined colors according to Unix/X11 (UK)
)) (C:\Users\drkim\AppData\Local\Programs\MiKTeX\tex/latex/xurl\xurl.sty
Package: xurl 2020/01/24 v 0.09 modify URL breaks
(C:\Users\drkim\AppData\Local\Programs\MiKTeX\tex/latex/url\url.sty
\Urlmuskip=\muskip18
Package: url 2013/09/16  ver 3.4  Verb mode for urls, etc.
)) (C:\Users\drkim\AppData\Local\Programs\MiKTeX\tex/latex/bookmark\bookmark.st
y
Package: bookmark 2020-11-06 v1.29 PDF bookmarks (HO)
(C:\Users\drkim\AppData\Local\Programs\MiKTeX\tex/latex/hyperref\hyperref.sty
Package: hyperref 2020-05-15 v7.00e Hypertext links for LaTeX

(C:\Users\drkim\AppData\Local\Programs\MiKTeX\tex/generic/pdftexcmds\pdftexcmds
.sty
Package: pdftexcmds 2020-06-27 v0.33 Utility functions of pdfTeX for LuaTeX (HO
)

(C:\Users\drkim\AppData\Local\Programs\MiKTeX\tex/generic/infwarerr\infwarerr.s
ty
Package: infwarerr 2019/12/03 v1.5 Providing info/warning/error messages (HO)
)
Package pdftexcmds Info: \pdf@primitive is available.
Package pdftexcmds Info: \pdf@ifprimitive is available.
Package pdftexcmds Info: \pdfdraftmode not found.
)
(C:\Users\drkim\AppData\Local\Programs\MiKTeX\tex/generic/kvdefinekeys\kvdefine
keys.sty
Package: kvdefinekeys 2019-12-19 v1.6 Define keys (HO)
)
(C:\Users\drkim\AppData\Local\Programs\MiKTeX\tex/generic/pdfescape\pdfescape.s
ty
Package: pdfescape 2019/12/09 v1.15 Implements pdfTeX's escape features (HO)
) (C:\Users\drkim\AppData\Local\Programs\MiKTeX\tex/latex/hycolor\hycolor.sty
Package: hycolor 2020-01-27 v1.10 Color options for hyperref/bookmark (HO)
)
(C:\Users\drkim\AppData\Local\Programs\MiKTeX\tex/latex/letltxmacro\letltxmacro
.sty
Package: letltxmacro 2019/12/03 v1.6 Let assignment for LaTeX macros (HO)
) (C:\Users\drkim\AppData\Local\Programs\MiKTeX\tex/latex/auxhook\auxhook.sty
Package: auxhook 2019-12-17 v1.6 Hooks for auxiliary files (HO)
)
\@linkdim=\dimen152
\Hy@linkcounter=\count280
\Hy@pagecounter=\count281
(C:\Users\drkim\AppData\Local\Programs\MiKTeX\tex/latex/hyperref\pd1enc.def
File: pd1enc.def 2020-05-15 v7.00e Hyperref: PDFDocEncoding definition (HO)
) (C:\Users\drkim\AppData\Local\Programs\MiKTeX\tex/generic/intcalc\intcalc.sty
Package: intcalc 2019/12/15 v1.3 Expandable calculations with integers (HO)
)
(C:\Users\drkim\AppData\Local\Programs\MiKTeX\tex/generic/etexcmds\etexcmds.sty
Package: etexcmds 2019/12/15 v1.7 Avoid name clashes with e-TeX commands (HO)
)
\Hy@SavedSpaceFactor=\count282
Package hyperref Info: Option `unicode' set `true' on input line 4338.
(C:\Users\drkim\AppData\Local\Programs\MiKTeX\tex/latex/hyperref\puenc.def
File: puenc.def 2020-05-15 v7.00e Hyperref: PDF Unicode definition (HO)
)
Package hyperref Info: Hyper figures OFF on input line 4464.
Package hyperref Info: Link nesting OFF on input line 4469.
Package hyperref Info: Hyper index ON on input line 4472.
Package hyperref Info: Plain pages OFF on input line 4479.
Package hyperref Info: Backreferencing OFF on input line 4484.
Package hyperref Info: Implicit mode ON; LaTeX internals redefined.
Package hyperref Info: Bookmarks ON on input line 4717.
\c@Hy@tempcnt=\count283
LaTeX Info: Redefining \url on input line 5076.
\XeTeXLinkMargin=\dimen153
(C:\Users\drkim\AppData\Local\Programs\MiKTeX\tex/generic/bitset\bitset.sty
Package: bitset 2019/12/09 v1.3 Handle bit-vector datatype (HO)

(C:\Users\drkim\AppData\Local\Programs\MiKTeX\tex/generic/bigintcalc\bigintcalc
.sty
Package: bigintcalc 2019/12/15 v1.5 Expandable calculations on big integers (HO
)
))
\Fld@menulength=\count284
\Field@Width=\dimen154
\Fld@charsize=\dimen155
Package hyperref Info: Hyper figures OFF on input line 6347.
Package hyperref Info: Link nesting OFF on input line 6352.
Package hyperref Info: Hyper index ON on input line 6355.
Package hyperref Info: backreferencing OFF on input line 6362.
Package hyperref Info: Link coloring OFF on input line 6367.
Package hyperref Info: Link coloring with OCG OFF on input line 6372.
Package hyperref Info: PDF/A mode OFF on input line 6377.
LaTeX Info: Redefining \ref on input line 6417.
LaTeX Info: Redefining \pageref on input line 6421.
(C:\Users\drkim\AppData\Local\Programs\MiKTeX\tex/latex/base\atbegshi-ltx.sty
Package: atbegshi-ltx 2020/08/17 v1.0a Emulation of the original atbegshi packa
ge
with kernel methods
)
\Hy@abspage=\count285
\c@Item=\count286
\c@Hfootnote=\count287
)
Package hyperref Info: Driver (autodetected): hxetex.
(C:\Users\drkim\AppData\Local\Programs\MiKTeX\tex/latex/hyperref\hxetex.def
File: hxetex.def 2020-05-15 v7.00e Hyperref driver for XeTeX

(C:\Users\drkim\AppData\Local\Programs\MiKTeX\tex/generic/stringenc\stringenc.s
ty
Package: stringenc 2019/11/29 v1.12 Convert strings between diff. encodings (HO
)
)
\pdfm@box=\box50
\c@Hy@AnnotLevel=\count288
\HyField@AnnotCount=\count289
\Fld@listcount=\count290
\c@bookmark@seq@number=\count291

(C:\Users\drkim\AppData\Local\Programs\MiKTeX\tex/latex/rerunfilecheck\rerunfil
echeck.sty
Package: rerunfilecheck 2019/12/05 v1.9 Rerun checks for auxiliary files (HO)
(C:\Users\drkim\AppData\Local\Programs\MiKTeX\tex/latex/base\atveryend-ltx.sty
Package: atveryend-ltx 2020/08/19 v1.0a Emulation of the original atvery packag
e
with kernel methods
)
(C:\Users\drkim\AppData\Local\Programs\MiKTeX\tex/generic/uniquecounter\uniquec
ounter.sty
Package: uniquecounter 2019/12/15 v1.4 Provide unlimited unique counter (HO)
)
Package uniquecounter Info: New unique counter `rerunfilecheck' on input line 2
86.
)
\Hy@SectionHShift=\skip52
)
(C:\Users\drkim\AppData\Local\Programs\MiKTeX\tex/latex/bookmark\bkm-dvipdfm.de
f
File: bkm-dvipdfm.def 2020-11-06 v1.29 bookmark driver for dvipdfm (HO)
\BKM@id=\count292
))
Package hyperref Info: Option `colorlinks' set `true' on input line 47.
(C:\Users\drkim\AppData\Local\Programs\MiKTeX\tex/latex/fancyvrb\fancyvrb.sty
Package: fancyvrb 2020/05/03 v3.6 verbatim text (tvz,hv)
\FV@CodeLineNo=\count293
\FV@InFile=\read2
\FV@TabBox=\box51
\c@FancyVerbLine=\count294
\FV@StepNumber=\count295
\FV@OutFile=\write3
) (C:\Users\drkim\AppData\Local\Programs\MiKTeX\tex/latex/framed\framed.sty
Package: framed 2011/10/22 v 0.96: framed or shaded text with page breaks
\OuterFrameSep=\skip53
\fb@frw=\dimen156
\fb@frh=\dimen157
\FrameRule=\dimen158
\FrameSep=\dimen159
) (C:\Users\drkim\AppData\Local\Programs\MiKTeX\tex/latex/tools\longtable.sty
Package: longtable 2020/01/07 v4.13 Multi-page Table package (DPC)
\LTleft=\skip54
\LTright=\skip55
\LTpre=\skip56
\LTpost=\skip57
\LTchunksize=\count296
\LTcapwidth=\dimen160
\LT@head=\box52
\LT@firsthead=\box53
\LT@foot=\box54
\LT@lastfoot=\box55
\LT@cols=\count297
\LT@rows=\count298
\c@LT@tables=\count299
\c@LT@chunks=\count300
\LT@p@ftn=\toks22
) (C:\Users\drkim\AppData\Local\Programs\MiKTeX\tex/latex/booktabs\booktabs.sty
Package: booktabs 2020/01/12 v1.61803398 Publication quality tables
\heavyrulewidth=\dimen161
\lightrulewidth=\dimen162
\cmidrulewidth=\dimen163
\belowrulesep=\dimen164
\belowbottomsep=\dimen165
\aboverulesep=\dimen166
\abovetopsep=\dimen167
\cmidrulesep=\dimen168
\cmidrulekern=\dimen169
\defaultaddspace=\dimen170
\@cmidla=\count301
\@cmidlb=\count302
\@aboverulesep=\dimen171
\@belowrulesep=\dimen172
\@thisruleclass=\count303
\@lastruleclass=\count304
\@thisrulewidth=\dimen173
) (C:\Users\drkim\AppData\Local\Programs\MiKTeX\tex/latex/tools\array.sty
Package: array 2019/08/31 v2.4l Tabular extension package (FMi)
\col@sep=\dimen174
\ar@mcellbox=\box56
\extrarowheight=\dimen175
\NC@list=\toks23
\extratabsurround=\skip58
\backup@length=\skip59
\ar@cellbox=\box57
) (C:\Users\drkim\AppData\Local\Programs\MiKTeX\tex/latex/tools\calc.sty
Package: calc 2017/05/25 v4.3 Infix arithmetic (KKT,FJ)
\calc@Acount=\count305
\calc@Bcount=\count306
\calc@Adimen=\dimen176
\calc@Bdimen=\dimen177
\calc@Askip=\skip60
\calc@Bskip=\skip61
LaTeX Info: Redefining \setlength on input line 80.
LaTeX Info: Redefining \addtolength on input line 81.
\calc@Ccount=\count307
\calc@Cskip=\skip62
)
(C:\Users\drkim\AppData\Local\Programs\MiKTeX\tex/latex/footnotehyper\footnoteh
yper.sty
Package: footnotehyper 2019/11/07 v1.1a hyperref aware footnote.sty (JFB)
\FNH@notes=\box58
\FNH@width=\dimen178
) (C:\Users\drkim\AppData\Local\Programs\MiKTeX\tex/latex/graphics\graphicx.sty
Package: graphicx 2020/09/09 v1.2b Enhanced LaTeX Graphics (DPC,SPQR)
(C:\Users\drkim\AppData\Local\Programs\MiKTeX\tex/latex/graphics\graphics.sty
Package: graphics 2020/08/30 v1.4c Standard LaTeX Graphics (DPC,SPQR)
(C:\Users\drkim\AppData\Local\Programs\MiKTeX\tex/latex/graphics\trig.sty
Package: trig 2016/01/03 v1.10 sin cos tan (DPC)
)
(C:\Users\drkim\AppData\Local\Programs\MiKTeX\tex/latex/graphics-cfg\graphics.c
fg
File: graphics.cfg 2016/06/04 v1.11 sample graphics configuration
)
Package graphics Info: Driver file: xetex.def on input line 105.
)
\Gin@req@height=\dimen179
\Gin@req@width=\dimen180
) (C:\Users\drkim\AppData\Local\Programs\MiKTeX\tex/latex/caption\caption.sty
Package: caption 2020/10/26 v3.5g Customizing captions (AR)
(C:\Users\drkim\AppData\Local\Programs\MiKTeX\tex/latex/caption\caption3.sty
Package: caption3 2020/10/21 v2.2e caption3 kernel (AR)
\captionmargin=\dimen181
\captionmargin@=\dimen182
\captionwidth=\dimen183
\caption@tempdima=\dimen184
\caption@indent=\dimen185
\caption@parindent=\dimen186
\caption@hangindent=\dimen187
Package caption Info: Standard document class detected.
)
\c@caption@flags=\count308
\c@continuedfloat=\count309
Package caption Info: hyperref package is loaded.
Package caption Info: longtable package is loaded.
(C:\Users\drkim\AppData\Local\Programs\MiKTeX\tex/latex/caption\ltcaption.sty
Package: ltcaption 2020/05/30 v1.4b longtable captions (AR)
)) (C:\Users\drkim\AppData\Local\Programs\MiKTeX\tex/latex/base\makeidx.sty
Package: makeidx 2014/09/29 v1.0m Standard LaTeX package
)
\@indexfile=\write4
\openout4 = `Multivariable_Data_Analysis.idx'.

Writing index file Multivariable_Data_Analysis.idx
(C:\Users\drkim\AppData\Local\Programs\MiKTeX\tex/latex/amscls\amsthm.sty
Package: amsthm 2020/05/29 v2.20.6
\thm@style=\toks24
\thm@bodyfont=\toks25
\thm@headfont=\toks26
\thm@notefont=\toks27
\thm@headpunct=\toks28
\thm@preskip=\skip63
\thm@postskip=\skip64
\thm@headsep=\skip65
\dth@everypar=\toks29
) (C:\Users\drkim\AppData\Local\Programs\MiKTeX\tex/latex/natbib\natbib.sty
Package: natbib 2010/09/13 8.31b (PWD, AO)
\bibhang=\skip66
\bibsep=\skip67
LaTeX Info: Redefining \cite on input line 694.
\c@NAT@ctr=\count310
)
No file Multivariable_Data_Analysis.aux.
\openout1 = `Multivariable_Data_Analysis.aux'.

LaTeX Font Info:    Checking defaults for OML/cmm/m/it on input line 185.
LaTeX Font Info:    ... okay on input line 185.
LaTeX Font Info:    Checking defaults for OMS/cmsy/m/n on input line 185.
LaTeX Font Info:    ... okay on input line 185.
LaTeX Font Info:    Checking defaults for OT1/cmr/m/n on input line 185.
LaTeX Font Info:    ... okay on input line 185.
LaTeX Font Info:    Checking defaults for T1/cmr/m/n on input line 185.
LaTeX Font Info:    ... okay on input line 185.
LaTeX Font Info:    Checking defaults for TS1/cmr/m/n on input line 185.
LaTeX Font Info:    ... okay on input line 185.
LaTeX Font Info:    Checking defaults for TU/lmr/m/n on input line 185.
LaTeX Font Info:    ... okay on input line 185.
LaTeX Font Info:    Checking defaults for OMX/cmex/m/n on input line 185.
LaTeX Font Info:    ... okay on input line 185.
LaTeX Font Info:    Checking defaults for U/cmr/m/n on input line 185.
LaTeX Font Info:    ... okay on input line 185.
LaTeX Font Info:    Checking defaults for PD1/pdf/m/n on input line 185.
LaTeX Font Info:    ... okay on input line 185.
LaTeX Font Info:    Checking defaults for PU/pdf/m/n on input line 185.
LaTeX Font Info:    ... okay on input line 185.
LaTeX Font Info:    Overwriting math alphabet `\mathrm' in version `normal'
(Font)                  OT1/lmr/m/n --> TU/lmr/m/n on input line 185.
LaTeX Font Info:    Overwriting math alphabet `\mathit' in version `normal'
(Font)                  OT1/lmr/m/it --> TU/lmr/m/it on input line 185.
LaTeX Font Info:    Overwriting math alphabet `\mathbf' in version `normal'
(Font)                  OT1/lmr/bx/n --> TU/lmr/bx/n on input line 185.
LaTeX Font Info:    Overwriting math alphabet `\mathsf' in version `normal'
(Font)                  OT1/lmss/m/n --> TU/lmss/m/n on input line 185.
LaTeX Font Info:    Overwriting math alphabet `\mathsf' in version `bold'
(Font)                  OT1/lmss/bx/n --> TU/lmss/bx/n on input line 185.
LaTeX Font Info:    Overwriting math alphabet `\mathtt' in version `normal'
(Font)                  OT1/lmtt/m/n --> TU/lmtt/m/n on input line 185.
LaTeX Font Info:    Overwriting math alphabet `\mathtt' in version `bold'
(Font)                  OT1/lmtt/m/n --> TU/lmtt/bx/n on input line 185.

Package fontspec Info: latinmodern-math scale = 0.9999964596882403.


Package fontspec Info: latinmodern-math scale = 0.9999964596882403.


Package fontspec Info: latinmodern-math scale = 0.9999964596882403.


Package fontspec Info: Font family 'latinmodern-math.otf(0)' created for font
(fontspec)             'latinmodern-math.otf' with options
(fontspec)             [Scale=MatchLowercase,BoldItalicFont={},ItalicFont={},Sm
allCapsFont={},Script=Math,BoldFont={latinmodern-math.otf}].
(fontspec)              
(fontspec)              This font family consists of the following NFSS
(fontspec)             series/shapes:
(fontspec)              
(fontspec)             - 'normal' (m/n) with NFSS spec.:
(fontspec)             <->s*[0.9999964596882403]"[latinmodern-math.otf]/OT:scri
pt=math;language=dflt;"
(fontspec)             - 'small caps'  (m/sc) with NFSS spec.: 
(fontspec)             - 'bold' (b/n) with NFSS spec.:
(fontspec)             <->s*[0.9999964596882403]"[latinmodern-math.otf]/OT:scri
pt=math;language=dflt;"
(fontspec)             - 'bold small caps'  (b/sc) with NFSS spec.: 

LaTeX Font Info:    Font shape `TU/latinmodern-math.otf(0)/m/n' will be
(Font)              scaled to size 10.0pt on input line 185.

Package fontspec Info: latinmodern-math scale = 0.9999964596882403.


Package fontspec Info: latinmodern-math scale = 0.9999964596882403.


Package fontspec Info: latinmodern-math scale = 0.9999964596882403.


Package fontspec Info: latinmodern-math scale = 0.9999964596882403.


Package fontspec Info: latinmodern-math scale = 0.9999964596882403.


Package fontspec Info: Font family 'latinmodern-math.otf(1)' created for font
(fontspec)             'latinmodern-math.otf' with options
(fontspec)             [Scale=MatchLowercase,BoldItalicFont={},ItalicFont={},Sm
allCapsFont={},Script=Math,SizeFeatures={{Size=8.5-},{Size=6-8.5,Font=latinmode
rn-math.otf,Style=MathScript},{Size=-6,Font=latinmodern-math.otf,Style=MathScri
ptScript}},BoldFont={latinmodern-math.otf}].
(fontspec)              
(fontspec)              This font family consists of the following NFSS
(fontspec)             series/shapes:
(fontspec)              
(fontspec)             - 'normal' (m/n) with NFSS spec.:
(fontspec)             <8.5->s*[0.9999964596882403]"[latinmodern-math.otf]/OT:s
cript=math;language=dflt;"<6-8.5>s*[0.9999964596882403]"[latinmodern-math.otf]/
OT:script=math;language=dflt;+ssty=0;"<-6>s*[0.9999964596882403]"[latinmodern-m
ath.otf]/OT:script=math;language=dflt;+ssty=1;"
(fontspec)             - 'small caps'  (m/sc) with NFSS spec.: 
(fontspec)             - 'bold' (b/n) with NFSS spec.:
(fontspec)             <->s*[0.9999964596882403]"[latinmodern-math.otf]/OT:scri
pt=math;language=dflt;"
(fontspec)             - 'bold small caps'  (b/sc) with NFSS spec.: 

LaTeX Font Info:    Font shape `TU/latinmodern-math.otf(1)/m/n' will be
(Font)              scaled to size 10.0pt on input line 185.
LaTeX Font Info:    Encoding `OT1' has changed to `TU' for symbol font
(Font)              `operators' in the math version `normal' on input line 185.

LaTeX Font Info:    Overwriting symbol font `operators' in version `normal'
(Font)                  OT1/lmr/m/n --> TU/latinmodern-math.otf(1)/m/n on input
 line 185.
LaTeX Font Info:    Encoding `OT1' has changed to `TU' for symbol font
(Font)              `operators' in the math version `bold' on input line 185.
LaTeX Font Info:    Overwriting symbol font `operators' in version `bold'
(Font)                  OT1/lmr/bx/n --> TU/latinmodern-math.otf(1)/b/n on inpu
t line 185.

Package fontspec Info: latinmodern-math scale = 0.9999964596882403.


Package fontspec Info: latinmodern-math scale = 1.000096459334209.


Package fontspec Info: latinmodern-math scale = 0.9999964596882403.


Package fontspec Info: latinmodern-math scale = 1.000096459334209.


Package fontspec Info: latinmodern-math scale = 0.9999964596882403.


Package fontspec Info: latinmodern-math scale = 1.000096459334209.


Package fontspec Info: latinmodern-math scale = 0.9999964596882403.


Package fontspec Info: latinmodern-math scale = 1.000096459334209.


Package fontspec Info: latinmodern-math scale = 0.9999964596882403.


Package fontspec Info: latinmodern-math scale = 1.000096459334209.


Package fontspec Info: Font family 'latinmodern-math.otf(2)' created for font
(fontspec)             'latinmodern-math.otf' with options
(fontspec)             [Scale=MatchLowercase,BoldItalicFont={},ItalicFont={},Sm
allCapsFont={},Script=Math,SizeFeatures={{Size=8.5-},{Size=6-8.5,Font=latinmode
rn-math.otf,Style=MathScript},{Size=-6,Font=latinmodern-math.otf,Style=MathScri
ptScript}},BoldFont={latinmodern-math.otf},ScaleAgain=1.0001,FontAdjustment={\f
ontdimen
(fontspec)             8\font =6.77pt\relax \fontdimen 9\font =3.94pt\relax
(fontspec)             \fontdimen 10\font =4.44pt\relax \fontdimen 11\font
(fontspec)             =6.86pt\relax \fontdimen 12\font =3.45pt\relax
(fontspec)             \fontdimen 13\font =3.63pt\relax \fontdimen 14\font
(fontspec)             =3.63pt\relax \fontdimen 15\font =2.89pt\relax
(fontspec)             \fontdimen 16\font =2.47pt\relax \fontdimen 17\font
(fontspec)             =2.47pt\relax \fontdimen 18\font =2.5pt\relax
(fontspec)             \fontdimen 19\font =2.0pt\relax \fontdimen 22\font
(fontspec)             =2.5pt\relax \fontdimen 20\font =0pt\relax \fontdimen
(fontspec)             21\font =0pt\relax }].
(fontspec)              
(fontspec)              This font family consists of the following NFSS
(fontspec)             series/shapes:
(fontspec)              
(fontspec)             - 'normal' (m/n) with NFSS spec.:
(fontspec)             <8.5->s*[1.000096459334209]"[latinmodern-math.otf]/OT:sc
ript=math;language=dflt;"<6-8.5>s*[1.000096459334209]"[latinmodern-math.otf]/OT
:script=math;language=dflt;+ssty=0;"<-6>s*[1.000096459334209]"[latinmodern-math
.otf]/OT:script=math;language=dflt;+ssty=1;"
(fontspec)             - 'small caps'  (m/sc) with NFSS spec.: 
(fontspec)             and font adjustment code:
(fontspec)             \fontdimen 8\font =6.77pt\relax \fontdimen 9\font
(fontspec)             =3.94pt\relax \fontdimen 10\font =4.44pt\relax
(fontspec)             \fontdimen 11\font =6.86pt\relax \fontdimen 12\font
(fontspec)             =3.45pt\relax \fontdimen 13\font =3.63pt\relax
(fontspec)             \fontdimen 14\font =3.63pt\relax \fontdimen 15\font
(fontspec)             =2.89pt\relax \fontdimen 16\font =2.47pt\relax
(fontspec)             \fontdimen 17\font =2.47pt\relax \fontdimen 18\font
(fontspec)             =2.5pt\relax \fontdimen 19\font =2.0pt\relax \fontdimen
(fontspec)             22\font =2.5pt\relax \fontdimen 20\font =0pt\relax
(fontspec)             \fontdimen 21\font =0pt\relax 
(fontspec)             - 'bold' (b/n) with NFSS spec.:
(fontspec)             <->s*[1.000096459334209]"[latinmodern-math.otf]/OT:scrip
t=math;language=dflt;"
(fontspec)             - 'bold small caps'  (b/sc) with NFSS spec.: 
(fontspec)             and font adjustment code:
(fontspec)             \fontdimen 8\font =6.77pt\relax \fontdimen 9\font
(fontspec)             =3.94pt\relax \fontdimen 10\font =4.44pt\relax
(fontspec)             \fontdimen 11\font =6.86pt\relax \fontdimen 12\font
(fontspec)             =3.45pt\relax \fontdimen 13\font =3.63pt\relax
(fontspec)             \fontdimen 14\font =3.63pt\relax \fontdimen 15\font
(fontspec)             =2.89pt\relax \fontdimen 16\font =2.47pt\relax
(fontspec)             \fontdimen 17\font =2.47pt\relax \fontdimen 18\font
(fontspec)             =2.5pt\relax \fontdimen 19\font =2.0pt\relax \fontdimen
(fontspec)             22\font =2.5pt\relax \fontdimen 20\font =0pt\relax
(fontspec)             \fontdimen 21\font =0pt\relax 

LaTeX Font Info:    Encoding `OMS' has changed to `TU' for symbol font
(Font)              `symbols' in the math version `normal' on input line 185.
LaTeX Font Info:    Overwriting symbol font `symbols' in version `normal'
(Font)                  OMS/lmsy/m/n --> TU/latinmodern-math.otf(2)/m/n on inpu
t line 185.
LaTeX Font Info:    Encoding `OMS' has changed to `TU' for symbol font
(Font)              `symbols' in the math version `bold' on input line 185.
LaTeX Font Info:    Overwriting symbol font `symbols' in version `bold'
(Font)                  OMS/lmsy/b/n --> TU/latinmodern-math.otf(2)/b/n on inpu
t line 185.

Package fontspec Info: latinmodern-math scale = 0.9999964596882403.


Package fontspec Info: latinmodern-math scale = 0.9998964600422715.


Package fontspec Info: latinmodern-math scale = 0.9999964596882403.


Package fontspec Info: latinmodern-math scale = 0.9998964600422715.


Package fontspec Info: latinmodern-math scale = 0.9999964596882403.


Package fontspec Info: latinmodern-math scale = 0.9998964600422715.


Package fontspec Info: latinmodern-math scale = 0.9999964596882403.


Package fontspec Info: latinmodern-math scale = 0.9998964600422715.


Package fontspec Info: latinmodern-math scale = 0.9999964596882403.


Package fontspec Info: latinmodern-math scale = 0.9998964600422715.


Package fontspec Info: Font family 'latinmodern-math.otf(3)' created for font
(fontspec)             'latinmodern-math.otf' with options
(fontspec)             [Scale=MatchLowercase,BoldItalicFont={},ItalicFont={},Sm
allCapsFont={},Script=Math,SizeFeatures={{Size=8.5-},{Size=6-8.5,Font=latinmode
rn-math.otf,Style=MathScript},{Size=-6,Font=latinmodern-math.otf,Style=MathScri
ptScript}},BoldFont={latinmodern-math.otf},ScaleAgain=0.9999,FontAdjustment={\f
ontdimen
(fontspec)             8\font =0.4pt\relax \fontdimen 9\font =2.0pt\relax
(fontspec)             \fontdimen 10\font =1.67pt\relax \fontdimen 11\font
(fontspec)             =1.11pt\relax \fontdimen 12\font =6.0pt\relax
(fontspec)             \fontdimen 13\font =0pt\relax }].
(fontspec)              
(fontspec)              This font family consists of the following NFSS
(fontspec)             series/shapes:
(fontspec)              
(fontspec)             - 'normal' (m/n) with NFSS spec.:
(fontspec)             <8.5->s*[0.9998964600422715]"[latinmodern-math.otf]/OT:s
cript=math;language=dflt;"<6-8.5>s*[0.9998964600422715]"[latinmodern-math.otf]/
OT:script=math;language=dflt;+ssty=0;"<-6>s*[0.9998964600422715]"[latinmodern-m
ath.otf]/OT:script=math;language=dflt;+ssty=1;"
(fontspec)             - 'small caps'  (m/sc) with NFSS spec.: 
(fontspec)             and font adjustment code:
(fontspec)             \fontdimen 8\font =0.4pt\relax \fontdimen 9\font
(fontspec)             =2.0pt\relax \fontdimen 10\font =1.67pt\relax
(fontspec)             \fontdimen 11\font =1.11pt\relax \fontdimen 12\font
(fontspec)             =6.0pt\relax \fontdimen 13\font =0pt\relax 
(fontspec)             - 'bold' (b/n) with NFSS spec.:
(fontspec)             <->s*[0.9998964600422715]"[latinmodern-math.otf]/OT:scri
pt=math;language=dflt;"
(fontspec)             - 'bold small caps'  (b/sc) with NFSS spec.: 
(fontspec)             and font adjustment code:
(fontspec)             \fontdimen 8\font =0.4pt\relax \fontdimen 9\font
(fontspec)             =2.0pt\relax \fontdimen 10\font =1.67pt\relax
(fontspec)             \fontdimen 11\font =1.11pt\relax \fontdimen 12\font
(fontspec)             =6.0pt\relax \fontdimen 13\font =0pt\relax 

LaTeX Font Info:    Encoding `OMX' has changed to `TU' for symbol font
(Font)              `largesymbols' in the math version `normal' on input line 1
85.
LaTeX Font Info:    Overwriting symbol font `largesymbols' in version `normal'
(Font)                  OMX/lmex/m/n --> TU/latinmodern-math.otf(3)/m/n on inpu
t line 185.
LaTeX Font Info:    Encoding `OMX' has changed to `TU' for symbol font
(Font)              `largesymbols' in the math version `bold' on input line 185
.
LaTeX Font Info:    Overwriting symbol font `largesymbols' in version `bold'
(Font)                  OMX/lmex/m/n --> TU/latinmodern-math.otf(3)/b/n on inpu
t line 185.
LaTeX Info: Redefining \microtypecontext on input line 185.
Package microtype Info: Character protrusion enabled (level 2).
Package microtype Info: Using protrusion set `basicmath'.
Package microtype Info: No adjustment of tracking.
Package microtype Info: No adjustment of spacing.
Package microtype Info: No adjustment of kerning.

(C:\Users\drkim\AppData\Local\Programs\MiKTeX\tex/latex/microtype\mt-LatinModer
nRoman.cfg
File: mt-LatinModernRoman.cfg 2013/03/13 v1.0 microtype config. file: Latin Mod
ern Roman (RS)
)
Package hyperref Info: Link coloring ON on input line 185.
(C:\Users\drkim\AppData\Local\Programs\MiKTeX\tex/latex/hyperref\nameref.sty
Package: nameref 2019/09/16 v2.46 Cross-referencing by name of section
(C:\Users\drkim\AppData\Local\Programs\MiKTeX\tex/latex/refcount\refcount.sty
Package: refcount 2019/12/15 v3.6 Data extraction from label references (HO)
)
(C:\Users\drkim\AppData\Local\Programs\MiKTeX\tex/generic/gettitlestring\gettit
lestring.sty
Package: gettitlestring 2019/12/15 v1.6 Cleanup title references (HO)
)
\c@section@level=\count311
)
LaTeX Info: Redefining \ref on input line 185.
LaTeX Info: Redefining \pageref on input line 185.
LaTeX Info: Redefining \nameref on input line 185.

Package hyperref Warning: Rerun to get /PageLabels entry.

Package caption Info: Begin \AtBeginDocument code.
Package caption Info: End \AtBeginDocument code.
LaTeX Font Info:    Font shape `TU/latinmodern-math.otf(1)/m/n' will be
(Font)              scaled to size 12.0pt on input line 187.
LaTeX Font Info:    Font shape `TU/latinmodern-math.otf(1)/m/n' will be
(Font)              scaled to size 8.0pt on input line 187.
LaTeX Font Info:    Font shape `TU/latinmodern-math.otf(1)/m/n' will be
(Font)              scaled to size 6.0pt on input line 187.
LaTeX Font Info:    Trying to load font information for OML+lmm on input line 1
87.
(C:\Users\drkim\AppData\Local\Programs\MiKTeX\tex/latex/lm\omllmm.fd
File: omllmm.fd 2009/10/30 v1.6 Font defs for Latin Modern
)
LaTeX Font Info:    Font shape `TU/latinmodern-math.otf(2)/m/n' will be
(Font)              scaled to size 12.0011pt on input line 187.
LaTeX Font Info:    Font shape `TU/latinmodern-math.otf(2)/m/n' will be
(Font)              scaled to size 8.00073pt on input line 187.
LaTeX Font Info:    Font shape `TU/latinmodern-math.otf(2)/m/n' will be
(Font)              scaled to size 6.00055pt on input line 187.
LaTeX Font Info:    Font shape `TU/latinmodern-math.otf(3)/m/n' will be
(Font)              scaled to size 11.99872pt on input line 187.
LaTeX Font Info:    Font shape `TU/latinmodern-math.otf(3)/m/n' will be
(Font)              scaled to size 7.99915pt on input line 187.
LaTeX Font Info:    Font shape `TU/latinmodern-math.otf(3)/m/n' will be
(Font)              scaled to size 5.99936pt on input line 187.
LaTeX Font Info:    Trying to load font information for U+msa on input line 187
.
(C:\Users\drkim\AppData\Local\Programs\MiKTeX\tex/latex/amsfonts\umsa.fd
File: umsa.fd 2013/01/14 v3.01 AMS symbols A
) (C:\Users\drkim\AppData\Local\Programs\MiKTeX\tex/latex/microtype\mt-msa.cfg
File: mt-msa.cfg 2006/02/04 v1.1 microtype config. file: AMS symbols (a) (RS)
)
LaTeX Font Info:    Trying to load font information for U+msb on input line 187
.
(C:\Users\drkim\AppData\Local\Programs\MiKTeX\tex/latex/amsfonts\umsb.fd
File: umsb.fd 2013/01/14 v3.01 AMS symbols B
) (C:\Users\drkim\AppData\Local\Programs\MiKTeX\tex/latex/microtype\mt-msb.cfg
File: mt-msb.cfg 2005/06/01 v1.0 microtype config. file: AMS symbols (b) (RS)
) [1



] [2]
\tf@toc=\write5
\openout5 = `Multivariable_Data_Analysis.toc'.

[3

] [4

]
\tf@lot=\write6
\openout6 = `Multivariable_Data_Analysis.lot'.

[5] [6

]
\tf@lof=\write7
\openout7 = `Multivariable_Data_Analysis.lof'.

[7] [8

] [9] [10

]
Chapter 1.

Underfull \hbox (badness 10000) in paragraph at lines 250--252

 []

LaTeX Font Info:    Font shape `TU/latinmodern-math.otf(1)/m/n' will be
(Font)              scaled to size 7.0pt on input line 262.
LaTeX Font Info:    Font shape `TU/latinmodern-math.otf(1)/m/n' will be
(Font)              scaled to size 5.0pt on input line 262.
LaTeX Font Info:    Font shape `TU/latinmodern-math.otf(2)/m/n' will be
(Font)              scaled to size 10.00092pt on input line 262.
LaTeX Font Info:    Font shape `TU/latinmodern-math.otf(2)/m/n' will be
(Font)              scaled to size 7.00064pt on input line 262.
LaTeX Font Info:    Font shape `TU/latinmodern-math.otf(2)/m/n' will be
(Font)              scaled to size 5.00046pt on input line 262.
LaTeX Font Info:    Font shape `TU/latinmodern-math.otf(3)/m/n' will be
(Font)              scaled to size 9.99893pt on input line 262.
LaTeX Font Info:    Font shape `TU/latinmodern-math.otf(3)/m/n' will be
(Font)              scaled to size 6.99925pt on input line 262.
LaTeX Font Info:    Font shape `TU/latinmodern-math.otf(3)/m/n' will be
(Font)              scaled to size 4.99947pt on input line 262.
File: cloud.PNG Graphic file (type bmp)
<cloud.PNG>

Overfull \hbox (5.5665pt too wide) in paragraph at lines 269--270
[]\TU/lmr/m/n/10 [[]] 
 []


Underfull \vbox (badness 1221) has occurred while \output is active []

[1

]
File: cloud2.PNG Graphic file (type bmp)
<cloud2.PNG>

Overfull \hbox (5.55676pt too wide) in paragraph at lines 276--277
[]\TU/lmr/m/n/10 [[]] 
 []


Underfull \vbox (badness 10000) has occurred while \output is active []

[2]
File: bluesky.PNG Graphic file (type bmp)
<bluesky.PNG>

Overfull \hbox (5.55673pt too wide) in paragraph at lines 293--294
[]\TU/lmr/m/n/10 [[]] 
 []


Underfull \vbox (badness 10000) has occurred while \output is active []

[3]
File: jamovi.PNG Graphic file (type bmp)
<jamovi.PNG>

Overfull \hbox (5.5585pt too wide) in paragraph at lines 297--298
[]\TU/lmr/m/n/10 [[]] 
 []

[4]
File: cran.PNG Graphic file (type bmp)
<cran.PNG>

Overfull \hbox (5.55853pt too wide) in paragraph at lines 338--339
[]\TU/lmr/m/n/10 [[]] 
 []


Underfull \vbox (badness 10000) has occurred while \output is active []

[5]
File: rstudio2.PNG Graphic file (type bmp)
<rstudio2.PNG>

Overfull \hbox (5.56172pt too wide) in paragraph at lines 345--346
[]\TU/lmr/m/n/10 [[]] 
 []


Underfull \vbox (badness 10000) has occurred while \output is active []

[6]
File: rmarkdown.PNG Graphic file (type bmp)
<rmarkdown.PNG>

Underfull \vbox (badness 10000) has occurred while \output is active []

[7]
File: miktex.PNG Graphic file (type bmp)
<miktex.PNG>
File: mactex.PNG Graphic file (type bmp)
<mactex.PNG>

Underfull \vbox (badness 10000) has occurred while \output is active []

[8] [9]
File: etm5950.jpg Graphic file (type bmp)
<etm5950.jpg>
File: rstudio.PNG Graphic file (type bmp)
<rstudio.PNG>
File: rstudio_all.PNG Graphic file (type bmp)
<rstudio_all.PNG>
File: console.PNG Graphic file (type bmp)
<console.PNG>
File: files.PNG Graphic file (type bmp)
<files.PNG>
File: envir.PNG Graphic file (type bmp)
<envir.PNG>
File: source.PNG Graphic file (type bmp)
<source.PNG>

Overfull \hbox (4.19452pt too wide) has occurred while \output is active
\TU/lmr/m/n/10 10 \TU/lmr/m/sl/10 CHAPTER 1.  INTRODUCTION TO R, RSTUDIO AND RS
TUDIO CLOUD
 []

[10] [11]
Overfull \hbox (4.19452pt too wide) has occurred while \output is active
\TU/lmr/m/n/10 12 \TU/lmr/m/sl/10 CHAPTER 1.  INTRODUCTION TO R, RSTUDIO AND RS
TUDIO CLOUD
 []

[12] [13]
File: Rscript.PNG Graphic file (type bmp)
<Rscript.PNG>

Underfull \hbox (badness 10000) in paragraph at lines 521--523

 []


Overfull \hbox (4.19452pt too wide) has occurred while \output is active
\TU/lmr/m/n/10 14 \TU/lmr/m/sl/10 CHAPTER 1.  INTRODUCTION TO R, RSTUDIO AND RS
TUDIO CLOUD
 []

[14]
Overfull \hbox (22.5pt too wide) in paragraph at lines 588--588
[]\TU/lmtt/m/n/10 ## function (formula, data, subset, weights, na.action, metho
d = "qr",[] 
 []


Overfull \hbox (38.25pt too wide) in paragraph at lines 588--588
[]\TU/lmtt/m/n/10 ##     model = TRUE, x = FALSE, y = FALSE, qr = TRUE, singula
r.ok = TRUE,[] 
 []

[15]
File: lm.PNG Graphic file (type bmp)
<lm.PNG>

Underfull \vbox (badness 1895) has occurred while \output is active []


Overfull \hbox (4.19452pt too wide) has occurred while \output is active
\TU/lmr/m/n/10 16 \TU/lmr/m/sl/10 CHAPTER 1.  INTRODUCTION TO R, RSTUDIO AND RS
TUDIO CLOUD
 []

[16]
File: packages.PNG Graphic file (type bmp)
<packages.PNG>
[17]
Overfull \hbox (90.75pt too wide) in paragraph at lines 711--711
[]\TU/lmtt/m/n/10 ## [1] "C:/Users/drkim/OneDrive - Universiti Sains Malaysia/m
ultivar_data_analysis"[] 
 []

File: new_proj.PNG Graphic file (type bmp)
<new_proj.PNG>

Overfull \hbox (5.58064pt too wide) in paragraph at lines 739--740
[]\TU/lmr/m/n/10 [[]] 
 []


Overfull \hbox (4.19452pt too wide) has occurred while \output is active
\TU/lmr/m/n/10 18 \TU/lmr/m/sl/10 CHAPTER 1.  INTRODUCTION TO R, RSTUDIO AND RS
TUDIO CLOUD
 []

[18]
File: new_proj2.PNG Graphic file (type bmp)
<new_proj2.PNG>
[19]
File: mydata.PNG Graphic file (type bmp)
<mydata.PNG>
File: upload_data.jpg Graphic file (type bmp)
<upload_data.jpg>

Overfull \hbox (4.19452pt too wide) has occurred while \output is active
\TU/lmr/m/n/10 20 \TU/lmr/m/sl/10 CHAPTER 1.  INTRODUCTION TO R, RSTUDIO AND RS
TUDIO CLOUD
 []

[20]
File: bookdown.PNG Graphic file (type bmp)
<bookdown.PNG>
[21]
Overfull \hbox (4.19452pt too wide) has occurred while \output is active
\TU/lmr/m/n/10 22 \TU/lmr/m/sl/10 CHAPTER 1.  INTRODUCTION TO R, RSTUDIO AND RS
TUDIO CLOUD
 []

[22]
Chapter 2.
[23

] [24] [25] [26]
Overfull \hbox (85.5pt too wide) in paragraph at lines 1115--1115
[]\TU/lmtt/m/n/10 ## $ country   <fct> "Afghanistan", "Afghanistan", "Afghanist
an", "Afghanistan", ~[] 
 []


Overfull \hbox (85.5pt too wide) in paragraph at lines 1115--1115
[]\TU/lmtt/m/n/10 ## $ continent <fct> Asia, Asia, Asia, Asia, Asia, Asia, Asia
, Asia, Asia, Asia, ~[] 
 []


Overfull \hbox (85.5pt too wide) in paragraph at lines 1115--1115
[]\TU/lmtt/m/n/10 ## $ year      <int> 1952, 1957, 1962, 1967, 1972, 1977, 1982
, 1987, 1992, 1997, ~[] 
 []


Overfull \hbox (85.5pt too wide) in paragraph at lines 1115--1115
[]\TU/lmtt/m/n/10 ## $ lifeExp   <dbl> 28.801, 30.332, 31.997, 34.020, 36.088, 
38.438, 39.854, 40.8~[] 
 []


Overfull \hbox (85.5pt too wide) in paragraph at lines 1115--1115
[]\TU/lmtt/m/n/10 ## $ pop       <int> 8425333, 9240934, 10267083, 11537966, 13
079460, 14880372, 12~[] 
 []


Overfull \hbox (85.5pt too wide) in paragraph at lines 1115--1115
[]\TU/lmtt/m/n/10 ## $ gdpPercap <dbl> 779.4453, 820.8530, 853.1007, 836.1971, 
739.9811, 786.1134, ~[] 
 []

[27]
Overfull \hbox (1.5pt too wide) in paragraph at lines 1164--1164
[]\TU/lmtt/m/n/10 ##  Afghanistan:  12   Africa  :624   Min.   :1952   Min.   :
23.60[] 
 []


Overfull \hbox (1.5pt too wide) in paragraph at lines 1164--1164
[]\TU/lmtt/m/n/10 ##  Albania    :  12   Americas:300   1st Qu.:1966   1st Qu.:
48.20[] 
 []


Overfull \hbox (1.5pt too wide) in paragraph at lines 1164--1164
[]\TU/lmtt/m/n/10 ##  Algeria    :  12   Asia    :396   Median :1980   Median :
60.71[] 
 []


Overfull \hbox (1.5pt too wide) in paragraph at lines 1164--1164
[]\TU/lmtt/m/n/10 ##  Angola     :  12   Europe  :360   Mean   :1980   Mean   :
59.47[] 
 []


Overfull \hbox (1.5pt too wide) in paragraph at lines 1164--1164
[]\TU/lmtt/m/n/10 ##  Argentina  :  12   Oceania : 24   3rd Qu.:1993   3rd Qu.:
70.85[] 
 []


Overfull \hbox (1.5pt too wide) in paragraph at lines 1164--1164
[]\TU/lmtt/m/n/10 ##  Australia  :  12                  Max.   :2007   Max.   :
82.60[] 
 []

File: Multivariable_Data_Analysis_files/figure-latex/unnamed-chunk-17-1.pdf Gra
phic file (type pdf)
<use Multivariable_Data_Analysis_files/figure-latex/unnamed-chunk-17-1.pdf>

Underfull \vbox (badness 10000) has occurred while \output is active []

[28]
File: Multivariable_Data_Analysis_files/figure-latex/unnamed-chunk-18-1.pdf Gra
phic file (type pdf)
<use Multivariable_Data_Analysis_files/figure-latex/unnamed-chunk-18-1.pdf>

Underfull \vbox (badness 3148) has occurred while \output is active []

[29]
File: Multivariable_Data_Analysis_files/figure-latex/unnamed-chunk-19-1.pdf Gra
phic file (type pdf)
<use Multivariable_Data_Analysis_files/figure-latex/unnamed-chunk-19-1.pdf>

Underfull \vbox (badness 10000) has occurred while \output is active []

[30]
File: Multivariable_Data_Analysis_files/figure-latex/unnamed-chunk-20-1.pdf Gra
phic file (type pdf)
<use Multivariable_Data_Analysis_files/figure-latex/unnamed-chunk-20-1.pdf>

Underfull \vbox (badness 10000) has occurred while \output is active []

[31]
File: Multivariable_Data_Analysis_files/figure-latex/unnamed-chunk-21-1.pdf Gra
phic file (type pdf)
<use Multivariable_Data_Analysis_files/figure-latex/unnamed-chunk-21-1.pdf>

Underfull \vbox (badness 10000) has occurred while \output is active []

[32]
File: Multivariable_Data_Analysis_files/figure-latex/unnamed-chunk-22-1.pdf Gra
phic file (type pdf)
<use Multivariable_Data_Analysis_files/figure-latex/unnamed-chunk-22-1.pdf>

Underfull \vbox (badness 10000) has occurred while \output is active []

[33]
File: Multivariable_Data_Analysis_files/figure-latex/unnamed-chunk-23-1.pdf Gra
phic file (type pdf)
<use Multivariable_Data_Analysis_files/figure-latex/unnamed-chunk-23-1.pdf>

Underfull \vbox (badness 10000) has occurred while \output is active []

[34]
File: Multivariable_Data_Analysis_files/figure-latex/unnamed-chunk-24-1.pdf Gra
phic file (type pdf)
<use Multivariable_Data_Analysis_files/figure-latex/unnamed-chunk-24-1.pdf>

Underfull \vbox (badness 10000) has occurred while \output is active []

[35]
File: Multivariable_Data_Analysis_files/figure-latex/unnamed-chunk-25-1.pdf Gra
phic file (type pdf)
<use Multivariable_Data_Analysis_files/figure-latex/unnamed-chunk-25-1.pdf>

Underfull \vbox (badness 10000) has occurred while \output is active []

[36]
File: Multivariable_Data_Analysis_files/figure-latex/unnamed-chunk-26-1.pdf Gra
phic file (type pdf)
<use Multivariable_Data_Analysis_files/figure-latex/unnamed-chunk-26-1.pdf>

Underfull \vbox (badness 10000) has occurred while \output is active []

[37]
Underfull \hbox (badness 1314) in paragraph at lines 1367--1368
[]\TU/lmr/m/n/10 And we can regenerate the smooth plot based on continent using
 the
 []

File: Multivariable_Data_Analysis_files/figure-latex/unnamed-chunk-27-1.pdf Gra
phic file (type pdf)
<use Multivariable_Data_Analysis_files/figure-latex/unnamed-chunk-27-1.pdf>

Underfull \vbox (badness 10000) has occurred while \output is active []

[38]
File: Multivariable_Data_Analysis_files/figure-latex/unnamed-chunk-28-1.pdf Gra
phic file (type pdf)
<use Multivariable_Data_Analysis_files/figure-latex/unnamed-chunk-28-1.pdf>

Underfull \vbox (badness 10000) has occurred while \output is active []

[39]
File: Multivariable_Data_Analysis_files/figure-latex/unnamed-chunk-29-1.pdf Gra
phic file (type pdf)
<use Multivariable_Data_Analysis_files/figure-latex/unnamed-chunk-29-1.pdf>

Underfull \vbox (badness 10000) has occurred while \output is active []

[40]
File: Multivariable_Data_Analysis_files/figure-latex/unnamed-chunk-30-1.pdf Gra
phic file (type pdf)
<use Multivariable_Data_Analysis_files/figure-latex/unnamed-chunk-30-1.pdf>

Underfull \vbox (badness 10000) has occurred while \output is active []

[41]
File: Multivariable_Data_Analysis_files/figure-latex/unnamed-chunk-31-1.pdf Gra
phic file (type pdf)
<use Multivariable_Data_Analysis_files/figure-latex/unnamed-chunk-31-1.pdf>

Underfull \vbox (badness 10000) has occurred while \output is active []

[42]
File: Multivariable_Data_Analysis_files/figure-latex/unnamed-chunk-32-1.pdf Gra
phic file (type pdf)
<use Multivariable_Data_Analysis_files/figure-latex/unnamed-chunk-32-1.pdf>

Underfull \vbox (badness 10000) has occurred while \output is active []

[43]
File: Multivariable_Data_Analysis_files/figure-latex/unnamed-chunk-33-1.pdf Gra
phic file (type pdf)
<use Multivariable_Data_Analysis_files/figure-latex/unnamed-chunk-33-1.pdf>

Underfull \vbox (badness 10000) has occurred while \output is active []

[44]
File: Multivariable_Data_Analysis_files/figure-latex/unnamed-chunk-34-1.pdf Gra
phic file (type pdf)
<use Multivariable_Data_Analysis_files/figure-latex/unnamed-chunk-34-1.pdf>

Underfull \vbox (badness 10000) has occurred while \output is active []

[45]
File: Multivariable_Data_Analysis_files/figure-latex/unnamed-chunk-35-1.pdf Gra
phic file (type pdf)
<use Multivariable_Data_Analysis_files/figure-latex/unnamed-chunk-35-1.pdf>

Underfull \vbox (badness 10000) has occurred while \output is active []

[46]
File: Multivariable_Data_Analysis_files/figure-latex/unnamed-chunk-36-1.pdf Gra
phic file (type pdf)
<use Multivariable_Data_Analysis_files/figure-latex/unnamed-chunk-36-1.pdf>

Underfull \vbox (badness 10000) has occurred while \output is active []

[47]
File: Multivariable_Data_Analysis_files/figure-latex/unnamed-chunk-37-1.pdf Gra
phic file (type pdf)
<use Multivariable_Data_Analysis_files/figure-latex/unnamed-chunk-37-1.pdf>

Underfull \vbox (badness 10000) has occurred while \output is active []

[48]
File: Multivariable_Data_Analysis_files/figure-latex/unnamed-chunk-38-1.pdf Gra
phic file (type pdf)
<use Multivariable_Data_Analysis_files/figure-latex/unnamed-chunk-38-1.pdf>

Underfull \vbox (badness 10000) has occurred while \output is active []

[49]
File: Multivariable_Data_Analysis_files/figure-latex/unnamed-chunk-39-1.pdf Gra
phic file (type pdf)
<use Multivariable_Data_Analysis_files/figure-latex/unnamed-chunk-39-1.pdf>

Underfull \vbox (badness 10000) has occurred while \output is active []

[50]
File: Multivariable_Data_Analysis_files/figure-latex/unnamed-chunk-40-1.pdf Gra
phic file (type pdf)
<use Multivariable_Data_Analysis_files/figure-latex/unnamed-chunk-40-1.pdf>

Underfull \vbox (badness 10000) has occurred while \output is active []

[51]
File: Multivariable_Data_Analysis_files/figure-latex/unnamed-chunk-41-1.pdf Gra
phic file (type pdf)
<use Multivariable_Data_Analysis_files/figure-latex/unnamed-chunk-41-1.pdf>

Underfull \vbox (badness 10000) has occurred while \output is active []

[52]
File: Multivariable_Data_Analysis_files/figure-latex/unnamed-chunk-42-1.pdf Gra
phic file (type pdf)
<use Multivariable_Data_Analysis_files/figure-latex/unnamed-chunk-42-1.pdf>
[53]
File: Multivariable_Data_Analysis_files/figure-latex/unnamed-chunk-43-1.pdf Gra
phic file (type pdf)
<use Multivariable_Data_Analysis_files/figure-latex/unnamed-chunk-43-1.pdf>
[54] [55] [56

]
Chapter 3.
[57]
Underfull \hbox (badness 10000) in paragraph at lines 1719--1721

 []

[58]
Overfull \hbox (85.5pt too wide) in paragraph at lines 1813--1813
[]\TU/lmtt/m/n/10 ## $ name       <chr> "Luke Skywalker", "C-3PO", "R2-D2", "Da
rth Vader", "Leia Or~[] 
 []


Overfull \hbox (85.5pt too wide) in paragraph at lines 1813--1813
[]\TU/lmtt/m/n/10 ## $ height     <int> 172, 167, 96, 202, 150, 178, 165, 97, 1
83, 182, 188, 180, 2~[] 
 []


Overfull \hbox (85.5pt too wide) in paragraph at lines 1813--1813
[]\TU/lmtt/m/n/10 ## $ mass       <dbl> 77.0, 75.0, 32.0, 136.0, 49.0, 120.0, 7
5.0, 32.0, 84.0, 77.~[] 
 []


Overfull \hbox (85.5pt too wide) in paragraph at lines 1813--1813
[]\TU/lmtt/m/n/10 ## $ hair_color <chr> "blond", NA, NA, "none", "brown", "brow
n, grey", "brown", N~[] 
 []


Overfull \hbox (85.5pt too wide) in paragraph at lines 1813--1813
[]\TU/lmtt/m/n/10 ## $ skin_color <chr> "fair", "gold", "white, blue", "white",
 "light", "light", "~[] 
 []


Overfull \hbox (85.5pt too wide) in paragraph at lines 1813--1813
[]\TU/lmtt/m/n/10 ## $ eye_color  <chr> "blue", "yellow", "red", "yellow", "bro
wn", "blue", "blue",~[] 
 []


Overfull \hbox (85.5pt too wide) in paragraph at lines 1813--1813
[]\TU/lmtt/m/n/10 ## $ birth_year <dbl> 19.0, 112.0, 33.0, 41.9, 19.0, 52.0, 47
.0, NA, 24.0, 57.0, ~[] 
 []

[59]
Overfull \hbox (85.5pt too wide) in paragraph at lines 1813--1813
[]\TU/lmtt/m/n/10 ## $ sex        <chr> "male", "none", "none", "male", "female
", "male", "female",~[] 
 []


Overfull \hbox (85.5pt too wide) in paragraph at lines 1813--1813
[]\TU/lmtt/m/n/10 ## $ gender     <chr> "masculine", "masculine", "masculine", 
"masculine", "femini~[] 
 []


Overfull \hbox (85.5pt too wide) in paragraph at lines 1813--1813
[]\TU/lmtt/m/n/10 ## $ homeworld  <chr> "Tatooine", "Tatooine", "Naboo", "Tatoo
ine", "Alderaan", "T~[] 
 []


Overfull \hbox (85.5pt too wide) in paragraph at lines 1813--1813
[]\TU/lmtt/m/n/10 ## $ species    <chr> "Human", "Droid", "Droid", "Human", "Hu
man", "Human", "Huma~[] 
 []


Overfull \hbox (85.5pt too wide) in paragraph at lines 1813--1813
[]\TU/lmtt/m/n/10 ## $ films      <list> <"The Empire Strikes Back", "Revenge o
f the Sith", "Return~[] 
 []


Overfull \hbox (85.5pt too wide) in paragraph at lines 1813--1813
[]\TU/lmtt/m/n/10 ## $ vehicles   <list> <"Snowspeeder", "Imperial Speeder Bike
">, <>, <>, <>, "Imp~[] 
 []


Overfull \hbox (85.5pt too wide) in paragraph at lines 1813--1813
[]\TU/lmtt/m/n/10 ## $ starships  <list> <"X-wing", "Imperial shuttle">, <>, <>
, "TIE Advanced x1",~[] 
 []


Overfull \hbox (90.75pt too wide) in paragraph at lines 1850--1850
[]\TU/lmtt/m/n/10 ##    name    height  mass hair_color  skin_color eye_color b
irth_year sex   gender[] 
 []


Overfull \hbox (85.5pt too wide) in paragraph at lines 1850--1850
[]\TU/lmtt/m/n/10 ##    <chr>    <int> <dbl> <chr>       <chr>      <chr>      
    <dbl> <chr> <chr>[] 
 []


Overfull \hbox (90.75pt too wide) in paragraph at lines 1850--1850
[]\TU/lmtt/m/n/10 ##  1 Luke S~    172    77 blond       fair       blue       
     19   male  mascu~[] 
 []


Overfull \hbox (90.75pt too wide) in paragraph at lines 1850--1850
[]\TU/lmtt/m/n/10 ##  2 C-3PO      167    75 <NA>        gold       yellow     
    112   none  mascu~[] 
 []


Overfull \hbox (90.75pt too wide) in paragraph at lines 1850--1850
[]\TU/lmtt/m/n/10 ##  3 R2-D2       96    32 <NA>        white, bl~ red        
     33   none  mascu~[] 
 []


Overfull \hbox (90.75pt too wide) in paragraph at lines 1850--1850
[]\TU/lmtt/m/n/10 ##  4 Darth ~    202   136 none        white      yellow     
     41.9 male  mascu~[] 
 []


Overfull \hbox (90.75pt too wide) in paragraph at lines 1850--1850
[]\TU/lmtt/m/n/10 ##  5 Leia O~    150    49 brown       light      brown      
     19   fema~ femin~[] 
 []


Overfull \hbox (90.75pt too wide) in paragraph at lines 1850--1850
[]\TU/lmtt/m/n/10 ##  6 Owen L~    178   120 brown, grey light      blue       
     52   male  mascu~[] 
 []


Overfull \hbox (90.75pt too wide) in paragraph at lines 1850--1850
[]\TU/lmtt/m/n/10 ##  7 Beru W~    165    75 brown       light      blue       
     47   fema~ femin~[] 
 []


Overfull \hbox (90.75pt too wide) in paragraph at lines 1850--1850
[]\TU/lmtt/m/n/10 ##  8 R5-D4       97    32 <NA>        white, red red        
     NA   none  mascu~[] 
 []


Overfull \hbox (90.75pt too wide) in paragraph at lines 1850--1850
[]\TU/lmtt/m/n/10 ##  9 Biggs ~    183    84 black       light      brown      
     24   male  mascu~[] 
 []


Overfull \hbox (90.75pt too wide) in paragraph at lines 1850--1850
[]\TU/lmtt/m/n/10 ## 10 Obi-Wa~    182    77 auburn, wh~ fair       blue-gray  
     57   male  mascu~[] 
 []


Overfull \hbox (80.25pt too wide) in paragraph at lines 1850--1850
[]\TU/lmtt/m/n/10 ## # ... with 77 more rows, and 5 more variables: homeworld <
chr>, species <chr>,[] 
 []

LaTeX Font Info:    Font shape `TU/lmtt/bx/n' in size <12> not available
(Font)              Font shape `TU/lmtt/b/n' tried instead on input line 1868.

Underfull \vbox (badness 2990) has occurred while \output is active []

[60]
Overfull \hbox (57.50342pt too wide) has occurred while \output is active
\TU/lmr/m/sl/10 3.7.  SELECT VARIABLES, GENERATE NEW VARIABLE AND RENAME VARIAB
LE \TU/lmr/m/n/10 61
 []

[61] [62]
Underfull \hbox (badness 1117) in paragraph at lines 2002--2003
\TU/lmr/m/n/10 The function \TU/lmtt/m/n/10 dplyr::arrange() \TU/lmr/m/n/10 can
 sort the data. And the function
 []

[63]
Overfull \hbox (64.5pt too wide) in paragraph at lines 2083--2083
[]\TU/lmtt/m/n/10 ## # ... with 6 variables: name <chr>, gender <chr>, height <
int>, mass <dbl>,[] 
 []

[64]
Underfull \vbox (badness 3439) has occurred while \output is active []

[65] [66]
Overfull \hbox (38.25pt too wide) in paragraph at lines 2258--2258
[]\TU/lmtt/m/n/10 ## # ... with 4 variables: species <chr>, mean_ht <dbl>, mean
_mass <dbl>,[] 
 []

[67] [68]
Overfull \hbox (6.75pt too wide) in paragraph at lines 2360--2360
[]\TU/lmtt/m/n/10 ##  $ male : Factor w/ 2 levels "No","Yes": 1 1 2 1 2 2 1 2 1
 2 ...[] 
 []


Overfull \hbox (59.25pt too wide) in paragraph at lines 2360--2360
[]\TU/lmtt/m/n/10 ##  $ race2: Factor w/ 4 levels "Mal","Chi","Ind",..: 1 2 3 4
 1 2 3 4 1 2 ...[] 
 []

[69] [70]
Overfull \hbox (11.79503pt too wide) in paragraph at lines 2477--2479
[]\TU/lmr/m/n/10 Create a smaller dataset by selecting some variable (hints: \T
U/lmtt/m/n/10 dplyr::select()\TU/lmr/m/n/10 ) 
 []


Underfull \hbox (badness 6775) in paragraph at lines 2483--2485
[]\TU/lmr/m/n/10 Creata an object using pipe and combining \TU/lmtt/m/n/10 dply
r::select()\TU/lmr/m/n/10 ,
 []


Underfull \hbox (badness 2894) in paragraph at lines 2483--2485
\TU/lmtt/m/n/10 dplyr::filter() \TU/lmr/m/n/10 and \TU/lmtt/m/n/10 dplyr::mutat
e() \TU/lmr/m/n/10 in one single line of R
 []

[71] [72

]
Chapter 4.
[73] [74]
Overfull \hbox (85.5pt too wide) in paragraph at lines 2658--2658
[]\TU/lmtt/m/n/10 ## $ country   <fct> "Afghanistan", "Afghanistan", "Afghanist
an", "Afghanistan", ~[] 
 []


Overfull \hbox (85.5pt too wide) in paragraph at lines 2658--2658
[]\TU/lmtt/m/n/10 ## $ continent <fct> Asia, Asia, Asia, Asia, Asia, Asia, Asia
, Asia, Asia, Asia, ~[] 
 []


Overfull \hbox (85.5pt too wide) in paragraph at lines 2658--2658
[]\TU/lmtt/m/n/10 ## $ year      <int> 1952, 1957, 1962, 1967, 1972, 1977, 1982
, 1987, 1992, 1997, ~[] 
 []


Overfull \hbox (85.5pt too wide) in paragraph at lines 2658--2658
[]\TU/lmtt/m/n/10 ## $ lifeExp   <dbl> 28.801, 30.332, 31.997, 34.020, 36.088, 
38.438, 39.854, 40.8~[] 
 []


Overfull \hbox (85.5pt too wide) in paragraph at lines 2658--2658
[]\TU/lmtt/m/n/10 ## $ pop       <int> 8425333, 9240934, 10267083, 11537966, 13
079460, 14880372, 12~[] 
 []


Overfull \hbox (85.5pt too wide) in paragraph at lines 2658--2658
[]\TU/lmtt/m/n/10 ## $ gdpPercap <dbl> 779.4453, 820.8530, 853.1007, 836.1971, 
739.9811, 786.1134, ~[] 
 []


Overfull \hbox (1.5pt too wide) in paragraph at lines 2685--2685
[]\TU/lmtt/m/n/10 ##  Afghanistan:  12   Africa  :624   Min.   :1952   Min.   :
23.60[] 
 []


Overfull \hbox (1.5pt too wide) in paragraph at lines 2685--2685
[]\TU/lmtt/m/n/10 ##  Albania    :  12   Americas:300   1st Qu.:1966   1st Qu.:
48.20[] 
 []


Overfull \hbox (1.5pt too wide) in paragraph at lines 2685--2685
[]\TU/lmtt/m/n/10 ##  Algeria    :  12   Asia    :396   Median :1980   Median :
60.71[] 
 []


Overfull \hbox (1.5pt too wide) in paragraph at lines 2685--2685
[]\TU/lmtt/m/n/10 ##  Angola     :  12   Europe  :360   Mean   :1980   Mean   :
59.47[] 
 []


Overfull \hbox (1.5pt too wide) in paragraph at lines 2685--2685
[]\TU/lmtt/m/n/10 ##  Argentina  :  12   Oceania : 24   3rd Qu.:1993   3rd Qu.:
70.85[] 
 []


Overfull \hbox (1.5pt too wide) in paragraph at lines 2685--2685
[]\TU/lmtt/m/n/10 ##  Australia  :  12                  Max.   :2007   Max.   :
82.60[] 
 []

[75]
File: Multivariable_Data_Analysis_files/figure-latex/unnamed-chunk-67-1.pdf Gra
phic file (type pdf)
<use Multivariable_Data_Analysis_files/figure-latex/unnamed-chunk-67-1.pdf>
[76]
File: Multivariable_Data_Analysis_files/figure-latex/unnamed-chunk-68-1.pdf Gra
phic file (type pdf)
<use Multivariable_Data_Analysis_files/figure-latex/unnamed-chunk-68-1.pdf>

Underfull \vbox (badness 10000) has occurred while \output is active []


Overfull \hbox (3.02452pt too wide) has occurred while \output is active
\TU/lmr/m/sl/10 4.5.  ONE VARIABLE: DISTRIBUTION OF A CATEGORICAL VARIABLE \TU/
lmr/m/n/10 77
 []

[77]
File: Multivariable_Data_Analysis_files/figure-latex/unnamed-chunk-70-1.pdf Gra
phic file (type pdf)
<use Multivariable_Data_Analysis_files/figure-latex/unnamed-chunk-70-1.pdf>

Underfull \vbox (badness 5637) has occurred while \output is active []

[78]
File: Multivariable_Data_Analysis_files/figure-latex/unnamed-chunk-71-1.pdf Gra
phic file (type pdf)
<use Multivariable_Data_Analysis_files/figure-latex/unnamed-chunk-71-1.pdf>

Underfull \vbox (badness 10000) has occurred while \output is active []


Overfull \hbox (3.02452pt too wide) has occurred while \output is active
\TU/lmr/m/sl/10 4.5.  ONE VARIABLE: DISTRIBUTION OF A CATEGORICAL VARIABLE \TU/
lmr/m/n/10 79
 []

[79]
File: Multivariable_Data_Analysis_files/figure-latex/unnamed-chunk-72-1.pdf Gra
phic file (type pdf)
<use Multivariable_Data_Analysis_files/figure-latex/unnamed-chunk-72-1.pdf>

Underfull \vbox (badness 10000) has occurred while \output is active []

[80]
File: Multivariable_Data_Analysis_files/figure-latex/unnamed-chunk-73-1.pdf Gra
phic file (type pdf)
<use Multivariable_Data_Analysis_files/figure-latex/unnamed-chunk-73-1.pdf>

Underfull \vbox (badness 10000) has occurred while \output is active []

[81]
File: Multivariable_Data_Analysis_files/figure-latex/unnamed-chunk-74-1.pdf Gra
phic file (type pdf)
<use Multivariable_Data_Analysis_files/figure-latex/unnamed-chunk-74-1.pdf>

Underfull \vbox (badness 10000) has occurred while \output is active []

[82]
File: Multivariable_Data_Analysis_files/figure-latex/unnamed-chunk-75-1.pdf Gra
phic file (type pdf)
<use Multivariable_Data_Analysis_files/figure-latex/unnamed-chunk-75-1.pdf>

Underfull \vbox (badness 10000) has occurred while \output is active []

[83]
File: Multivariable_Data_Analysis_files/figure-latex/unnamed-chunk-76-1.pdf Gra
phic file (type pdf)
<use Multivariable_Data_Analysis_files/figure-latex/unnamed-chunk-76-1.pdf>

Underfull \vbox (badness 10000) has occurred while \output is active []

[84]
File: Multivariable_Data_Analysis_files/figure-latex/unnamed-chunk-77-1.pdf Gra
phic file (type pdf)
<use Multivariable_Data_Analysis_files/figure-latex/unnamed-chunk-77-1.pdf>

Underfull \vbox (badness 10000) has occurred while \output is active []

[85]
File: Multivariable_Data_Analysis_files/figure-latex/unnamed-chunk-78-1.pdf Gra
phic file (type pdf)
<use Multivariable_Data_Analysis_files/figure-latex/unnamed-chunk-78-1.pdf>

Underfull \vbox (badness 10000) has occurred while \output is active []

[86]
File: Multivariable_Data_Analysis_files/figure-latex/unnamed-chunk-79-1.pdf Gra
phic file (type pdf)
<use Multivariable_Data_Analysis_files/figure-latex/unnamed-chunk-79-1.pdf>

Underfull \vbox (badness 10000) has occurred while \output is active []

[87]
File: Multivariable_Data_Analysis_files/figure-latex/unnamed-chunk-80-1.pdf Gra
phic file (type pdf)
<use Multivariable_Data_Analysis_files/figure-latex/unnamed-chunk-80-1.pdf>

Underfull \vbox (badness 10000) has occurred while \output is active []

[88]
File: Multivariable_Data_Analysis_files/figure-latex/unnamed-chunk-81-1.pdf Gra
phic file (type pdf)
<use Multivariable_Data_Analysis_files/figure-latex/unnamed-chunk-81-1.pdf>

Underfull \vbox (badness 10000) has occurred while \output is active []


Overfull \hbox (73.23233pt too wide) has occurred while \output is active
\TU/lmr/m/sl/10 4.7.  TWO VARIABLES: PLOTTING A NUMERICAL AND A CATEGORICAL VAR
IABLE \TU/lmr/m/n/10 89
 []

[89]
File: Multivariable_Data_Analysis_files/figure-latex/unnamed-chunk-82-1.pdf Gra
phic file (type pdf)
<use Multivariable_Data_Analysis_files/figure-latex/unnamed-chunk-82-1.pdf>

Underfull \vbox (badness 10000) has occurred while \output is active []

[90]
File: Multivariable_Data_Analysis_files/figure-latex/unnamed-chunk-83-1.pdf Gra
phic file (type pdf)
<use Multivariable_Data_Analysis_files/figure-latex/unnamed-chunk-83-1.pdf>

Underfull \vbox (badness 10000) has occurred while \output is active []


Overfull \hbox (73.23233pt too wide) has occurred while \output is active
\TU/lmr/m/sl/10 4.7.  TWO VARIABLES: PLOTTING A NUMERICAL AND A CATEGORICAL VAR
IABLE \TU/lmr/m/n/10 91
 []

[91]
File: Multivariable_Data_Analysis_files/figure-latex/unnamed-chunk-84-1.pdf Gra
phic file (type pdf)
<use Multivariable_Data_Analysis_files/figure-latex/unnamed-chunk-84-1.pdf>

Underfull \vbox (badness 10000) has occurred while \output is active []

[92]
File: Multivariable_Data_Analysis_files/figure-latex/unnamed-chunk-85-1.pdf Gra
phic file (type pdf)
<use Multivariable_Data_Analysis_files/figure-latex/unnamed-chunk-85-1.pdf>

Underfull \vbox (badness 10000) has occurred while \output is active []

[93]
File: Multivariable_Data_Analysis_files/figure-latex/unnamed-chunk-86-1.pdf Gra
phic file (type pdf)
<use Multivariable_Data_Analysis_files/figure-latex/unnamed-chunk-86-1.pdf>

Underfull \vbox (badness 10000) has occurred while \output is active []

[94]
File: Multivariable_Data_Analysis_files/figure-latex/unnamed-chunk-87-1.pdf Gra
phic file (type pdf)
<use Multivariable_Data_Analysis_files/figure-latex/unnamed-chunk-87-1.pdf>
[95]
File: Multivariable_Data_Analysis_files/figure-latex/unnamed-chunk-88-1.pdf Gra
phic file (type pdf)
<use Multivariable_Data_Analysis_files/figure-latex/unnamed-chunk-88-1.pdf>
[96]
File: Multivariable_Data_Analysis_files/figure-latex/unnamed-chunk-89-1.pdf Gra
phic file (type pdf)
<use Multivariable_Data_Analysis_files/figure-latex/unnamed-chunk-89-1.pdf>
File: Multivariable_Data_Analysis_files/figure-latex/unnamed-chunk-90-1.pdf Gra
phic file (type pdf)
<use Multivariable_Data_Analysis_files/figure-latex/unnamed-chunk-90-1.pdf>

Underfull \vbox (badness 10000) has occurred while \output is active []

[97]
File: Multivariable_Data_Analysis_files/figure-latex/unnamed-chunk-91-1.pdf Gra
phic file (type pdf)
<use Multivariable_Data_Analysis_files/figure-latex/unnamed-chunk-91-1.pdf>

Underfull \vbox (badness 10000) has occurred while \output is active []

[98] [99]
Overfull \hbox (12.0pt too wide) in paragraph at lines 3189--3189
[]\TU/lmtt/m/n/10 ##   country continent  year lifeExp       pop gdpPercap  mea
n    sd[] 
 []


Overfull \hbox (12.0pt too wide) in paragraph at lines 3189--3189
[]\TU/lmtt/m/n/10 ##   <fct>   <fct>     <int>   <dbl>     <int>     <dbl> <dbl
> <dbl>[] 
 []


Overfull \hbox (12.0pt too wide) in paragraph at lines 3189--3189
[]\TU/lmtt/m/n/10 ## 1 Japan   Asia       1952    63.0  86459025     3217.  74.
8  6.49[] 
 []


Overfull \hbox (12.0pt too wide) in paragraph at lines 3189--3189
[]\TU/lmtt/m/n/10 ## 2 Japan   Asia       1957    65.5  91563009     4318.  74.
8  6.49[] 
 []


Overfull \hbox (12.0pt too wide) in paragraph at lines 3189--3189
[]\TU/lmtt/m/n/10 ## 3 Japan   Asia       1962    68.7  95831757     6577.  74.
8  6.49[] 
 []


Overfull \hbox (12.0pt too wide) in paragraph at lines 3189--3189
[]\TU/lmtt/m/n/10 ## 4 Japan   Asia       1967    71.4 100825279     9848.  74.
8  6.49[] 
 []


Overfull \hbox (12.0pt too wide) in paragraph at lines 3189--3189
[]\TU/lmtt/m/n/10 ## 5 Japan   Asia       1972    73.4 107188273    14779.  74.
8  6.49[] 
 []


Overfull \hbox (12.0pt too wide) in paragraph at lines 3189--3189
[]\TU/lmtt/m/n/10 ## 6 Japan   Asia       1977    75.4 113872473    16610.  74.
8  6.49[] 
 []

File: Multivariable_Data_Analysis_files/figure-latex/unnamed-chunk-94-1.pdf Gra
phic file (type pdf)
<use Multivariable_Data_Analysis_files/figure-latex/unnamed-chunk-94-1.pdf>
[100]
File: Multivariable_Data_Analysis_files/figure-latex/unnamed-chunk-95-1.pdf Gra
phic file (type pdf)
<use Multivariable_Data_Analysis_files/figure-latex/unnamed-chunk-95-1.pdf>
File: Multivariable_Data_Analysis_files/figure-latex/unnamed-chunk-96-1.pdf Gra
phic file (type pdf)
<use Multivariable_Data_Analysis_files/figure-latex/unnamed-chunk-96-1.pdf>
[101]
File: Multivariable_Data_Analysis_files/figure-latex/unnamed-chunk-97-1.pdf Gra
phic file (type pdf)
<use Multivariable_Data_Analysis_files/figure-latex/unnamed-chunk-97-1.pdf>

Underfull \vbox (badness 10000) has occurred while \output is active []

[102]
File: Multivariable_Data_Analysis_files/figure-latex/unnamed-chunk-98-1.pdf Gra
phic file (type pdf)
<use Multivariable_Data_Analysis_files/figure-latex/unnamed-chunk-98-1.pdf>

Underfull \vbox (badness 10000) has occurred while \output is active []

[103] [104]
Chapter 5.

! LaTeX Error: Environment VF undefined.

See the LaTeX manual or LaTeX Companion for explanation.
Type  H <return>  for immediate help.
 ...                                              
                                                  
l.3348 \begin{quote}
                     
Here is how much of TeX's memory you used:
 20739 strings out of 412094
 377079 string characters out of 2847026
 860789 words of memory out of 3000000
 39994 multiletter control sequences out of 15000+200000
 409969 words of font info for 91 fonts, out of 3000000 for 9000
 1348 hyphenation exceptions out of 8191
 94i,8n,118p,559b,521s stack positions out of 5000i,500n,10000p,200000b,50000s

Output written on Multivariable_Data_Analysis.pdf (114 pages).
